This file contains any messages produced by compilers while
running configure, to aid debugging if configure makes a mistake.

It was created by tcsh configure 6.20.00, which was
generated by GNU Autoconf 2.69.  Invocation command line was

  $ ./configure --build=aarch64-apple-darwin18.2

## --------- ##
## Platform. ##
## --------- ##

hostname = XXXXXXXXX
uname -m = iPhoneX,X
uname -r = 18.2.0
uname -s = Darwin
uname -v = Darwin Kernel Version 18.2.0: Mon Nov 12 20:32:02 PST 2018; root:xnu-4903.232.2~1/RELEASE_ARM64_S8000

/usr/bin/uname -p = unknown
/bin/uname -X     = unknown

/bin/arch              = unknown
/usr/bin/arch -k       = unknown
/usr/convex/getsysinfo = unknown
/usr/bin/hostinfo      = Mach kernel version:
	 Darwin Kernel Version 18.2.0: Mon Nov 12 20:32:02 PST 2018; root:xnu-4903.232.2~1/RELEASE_ARM64_S8000
Kernel configured for up to 2 processors.
2 processors are physically available.
2 processors are logically available.
Processor type: arm64 (arm64 v8)
Processors active: 0 1
Primary memory available: 1.94 gigabytes
Default processor set: 209 tasks, 932 threads, 2 processors
Load average: 2.31, Mach factor: 0.52
/bin/machine           = unknown
/usr/bin/oslevel       = unknown
/bin/universe          = unknown

PATH: /usr/local/sbin
PATH: /usr/local/bin
PATH: /usr/sbin
PATH: /usr/bin
PATH: /sbin
PATH: /bin
PATH: /usr/bin/X11
PATH: /usr/games
PATH: /usr/local/libexec/go/bin/


## ----------- ##
## Core tests. ##
## ----------- ##

configure:2576: checking for a BSD-compatible install
configure:2644: result: /usr/bin/install -c
configure:2659: checking build system type
configure:2673: result: aarch64-apple-darwin18.2
configure:2693: checking host system type
configure:2706: result: aarch64-apple-darwin18.2
configure:2727: checking cached host tuple
configure:2735: result: ok
configure:3039: checking for gcc
configure:3066: result: clang
configure:3295: checking for C compiler version
configure:3304: clang --version >&5
clang version 5.0.2 
Target: arm64-apple-darwin18.2.0
Thread model: posix
InstalledDir: /usr/bin
configure:3315: $? = 0
configure:3304: clang -v >&5
clang version 5.0.2 
Target: arm64-apple-darwin18.2.0
Thread model: posix
InstalledDir: /usr/bin
configure:3315: $? = 0
configure:3304: clang -V >&5
clang-5.0: error: argument to '-V' is missing (expected 1 value)
clang-5.0: error: no input files
configure:3315: $? = 1
configure:3304: clang -qversion >&5
clang-5.0: error: unknown argument: '-qversion'
clang-5.0: error: no input files
configure:3315: $? = 1
configure:3335: checking whether the C compiler works
configure:3357: clang  --sysroot=/usr/SDK -I/usr/local/include -I/usr/include -L/usr/local/lib -L/usr/lib --sysroot=/usr/SDK -I/usr/local/include -I/usr/include -L/usr/local/lib -L/usr/lib conftest.c  >&5
configure:3361: $? = 0
configure:3409: result: yes
configure:3412: checking for C compiler default output file name
configure:3414: result: a.out
configure:3420: checking for suffix of executables
configure:3427: clang -o conftest  --sysroot=/usr/SDK -I/usr/local/include -I/usr/include -L/usr/local/lib -L/usr/lib --sysroot=/usr/SDK -I/usr/local/include -I/usr/include -L/usr/local/lib -L/usr/lib conftest.c  >&5
configure:3431: $? = 0
configure:3453: result: 
configure:3475: checking whether we are cross compiling
configure:3483: clang -o conftest  --sysroot=/usr/SDK -I/usr/local/include -I/usr/include -L/usr/local/lib -L/usr/lib --sysroot=/usr/SDK -I/usr/local/include -I/usr/include -L/usr/local/lib -L/usr/lib conftest.c  >&5
configure:3487: $? = 0
configure:3494: ./conftest
configure:3499: $? = 0
configure:3514: result: no
configure:3519: checking for suffix of object files
configure:3541: clang -c  --sysroot=/usr/SDK -I/usr/local/include -I/usr/include -L/usr/local/lib -L/usr/lib conftest.c >&5
clang-5.0: warning: argument unused during compilation: '-L/usr/local/lib' [-Wunused-command-line-argument]
clang-5.0: warning: argument unused during compilation: '-L/usr/lib' [-Wunused-command-line-argument]
configure:3545: $? = 0
configure:3566: result: o
configure:3570: checking whether we are using the GNU C compiler
configure:3589: clang -c  --sysroot=/usr/SDK -I/usr/local/include -I/usr/include -L/usr/local/lib -L/usr/lib conftest.c >&5
clang-5.0: warning: argument unused during compilation: '-L/usr/local/lib' [-Wunused-command-line-argument]
clang-5.0: warning: argument unused during compilation: '-L/usr/lib' [-Wunused-command-line-argument]
configure:3589: $? = 0
configure:3598: result: yes
configure:3607: checking whether clang accepts -g
configure:3627: clang -c -g --sysroot=/usr/SDK -I/usr/local/include -I/usr/include -L/usr/local/lib -L/usr/lib conftest.c >&5
clang-5.0: warning: argument unused during compilation: '-L/usr/local/lib' [-Wunused-command-line-argument]
clang-5.0: warning: argument unused during compilation: '-L/usr/lib' [-Wunused-command-line-argument]
configure:3627: $? = 0
configure: failed program was:
| /* confdefs.h */
| #define PACKAGE_NAME "tcsh"
| #define PACKAGE_TARNAME "tcsh"
| #define PACKAGE_VERSION "6.20.00"
| #define PACKAGE_STRING "tcsh 6.20.00"
| #define PACKAGE_BUGREPORT "http://bugs.gw.com/"
| #define PACKAGE_URL ""
| /* end confdefs.h.  */
| 
| int
| main ()
| {
| 
|   ;
|   return 0;
| }
configure:3642: clang -c  --sysroot=/usr/SDK -I/usr/local/include -I/usr/include -L/usr/local/lib -L/usr/lib conftest.c >&5
clang-5.0: warning: argument unused during compilation: '-L/usr/local/lib' [-Wunused-command-line-argument]
clang-5.0: warning: argument unused during compilation: '-L/usr/lib' [-Wunused-command-line-argument]
configure:3642: $? = 0
configure: failed program was:
| /* confdefs.h */
| #define PACKAGE_NAME "tcsh"
| #define PACKAGE_TARNAME "tcsh"
| #define PACKAGE_VERSION "6.20.00"
| #define PACKAGE_STRING "tcsh 6.20.00"
| #define PACKAGE_BUGREPORT "http://bugs.gw.com/"
| #define PACKAGE_URL ""
| /* end confdefs.h.  */
| 
| int
| main ()
| {
| 
|   ;
|   return 0;
| }
configure:3658: clang -c -g --sysroot=/usr/SDK -I/usr/local/include -I/usr/include -L/usr/local/lib -L/usr/lib conftest.c >&5
clang-5.0: warning: argument unused during compilation: '-L/usr/local/lib' [-Wunused-command-line-argument]
clang-5.0: warning: argument unused during compilation: '-L/usr/lib' [-Wunused-command-line-argument]
configure:3658: $? = 0
configure:3668: result: yes
configure:3685: checking for clang option to accept ISO C89
configure:3748: clang  -c -g -O2 --sysroot=/usr/SDK -I/usr/local/include -I/usr/include -L/usr/local/lib -L/usr/lib conftest.c >&5
clang-5.0: warning: argument unused during compilation: '-L/usr/local/lib' [-Wunused-command-line-argument]
clang-5.0: warning: argument unused during compilation: '-L/usr/lib' [-Wunused-command-line-argument]
configure:3748: $? = 0
configure:3761: result: none needed
configure:3786: checking how to run the C preprocessor
configure:3817: clang -E --sysroot=/usr/SDK -I/usr/local/include -I/usr/include -L/usr/local/lib -L/usr/lib conftest.c
clang-5.0: warning: argument unused during compilation: '-L/usr/local/lib' [-Wunused-command-line-argument]
clang-5.0: warning: argument unused during compilation: '-L/usr/lib' [-Wunused-command-line-argument]
configure:3817: $? = 0
configure:3831: clang -E --sysroot=/usr/SDK -I/usr/local/include -I/usr/include -L/usr/local/lib -L/usr/lib conftest.c
clang-5.0: warning: argument unused during compilation: '-L/usr/local/lib' [-Wunused-command-line-argument]
clang-5.0: warning: argument unused during compilation: '-L/usr/lib' [-Wunused-command-line-argument]
conftest.c:9:10: fatal error: 'ac_nonexistent.h' file not found
#include <ac_nonexistent.h>
         ^~~~~~~~~~~~~~~~~~
1 error generated.
configure:3831: $? = 1
configure: failed program was:
| /* confdefs.h */
| #define PACKAGE_NAME "tcsh"
| #define PACKAGE_TARNAME "tcsh"
| #define PACKAGE_VERSION "6.20.00"
| #define PACKAGE_STRING "tcsh 6.20.00"
| #define PACKAGE_BUGREPORT "http://bugs.gw.com/"
| #define PACKAGE_URL ""
| /* end confdefs.h.  */
| #include <ac_nonexistent.h>
configure:3856: result: clang -E
configure:3876: clang -E --sysroot=/usr/SDK -I/usr/local/include -I/usr/include -L/usr/local/lib -L/usr/lib conftest.c
clang-5.0: warning: argument unused during compilation: '-L/usr/local/lib' [-Wunused-command-line-argument]
clang-5.0: warning: argument unused during compilation: '-L/usr/lib' [-Wunused-command-line-argument]
configure:3876: $? = 0
configure:3890: clang -E --sysroot=/usr/SDK -I/usr/local/include -I/usr/include -L/usr/local/lib -L/usr/lib conftest.c
clang-5.0: warning: argument unused during compilation: '-L/usr/local/lib' [-Wunused-command-line-argument]
clang-5.0: warning: argument unused during compilation: '-L/usr/lib' [-Wunused-command-line-argument]
conftest.c:9:10: fatal error: 'ac_nonexistent.h' file not found
#include <ac_nonexistent.h>
         ^~~~~~~~~~~~~~~~~~
1 error generated.
configure:3890: $? = 1
configure: failed program was:
| /* confdefs.h */
| #define PACKAGE_NAME "tcsh"
| #define PACKAGE_TARNAME "tcsh"
| #define PACKAGE_VERSION "6.20.00"
| #define PACKAGE_STRING "tcsh 6.20.00"
| #define PACKAGE_BUGREPORT "http://bugs.gw.com/"
| #define PACKAGE_URL ""
| /* end confdefs.h.  */
| #include <ac_nonexistent.h>
configure:3920: checking for grep that handles long lines and -e
configure:3978: result: /bin/grep
configure:3983: checking for egrep
configure:4045: result: /bin/grep -E
configure:4051: checking whether clang needs -traditional
clang-5.0: warning: argument unused during compilation: '-L/usr/local/lib' [-Wunused-command-line-argument]
clang-5.0: warning: argument unused during compilation: '-L/usr/lib' [-Wunused-command-line-argument]
conftest.c:9:10: fatal error: 'sgtty.h' file not found
#include <sgtty.h>
         ^~~~~~~~~
1 error generated.
clang-5.0: warning: argument unused during compilation: '-L/usr/local/lib' [-Wunused-command-line-argument]
clang-5.0: warning: argument unused during compilation: '-L/usr/lib' [-Wunused-command-line-argument]
conftest.c:9:10: fatal error: 'termio.h' file not found
#include <termio.h>
         ^~~~~~~~~~
1 error generated.
configure:4085: result: no
configure:4095: checking for gencat
configure:4128: result: no
configure:4153: checking for library containing crypt
configure:4184: clang -o conftest -g -O2 --sysroot=/usr/SDK -I/usr/local/include -I/usr/include -L/usr/local/lib -L/usr/lib --sysroot=/usr/SDK -I/usr/local/include -I/usr/include -L/usr/local/lib -L/usr/lib conftest.c  >&5
configure:4184: $? = 0
configure:4201: result: none required
configure:4209: checking for library containing getspnam
configure:4240: clang -o conftest -g -O2 --sysroot=/usr/SDK -I/usr/local/include -I/usr/include -L/usr/local/lib -L/usr/lib --sysroot=/usr/SDK -I/usr/local/include -I/usr/include -L/usr/local/lib -L/usr/lib conftest.c  >&5
Undefined symbols for architecture arm64:
  "_getspnam", referenced from:
      _main in conftest-802d6a.o
ld: symbol(s) not found for architecture arm64
Not signing file
clang-5.0: error: linker command failed with exit code 1 (use -v to see invocation)
configure:4240: $? = 1
configure: failed program was:
| /* confdefs.h */
| #define PACKAGE_NAME "tcsh"
| #define PACKAGE_TARNAME "tcsh"
| #define PACKAGE_VERSION "6.20.00"
| #define PACKAGE_STRING "tcsh 6.20.00"
| #define PACKAGE_BUGREPORT "http://bugs.gw.com/"
| #define PACKAGE_URL ""
| /* end confdefs.h.  */
| 
| /* Override any GCC internal prototype to avoid an error.
|    Use char because int might match the return type of a GCC
|    builtin and then its argument prototype would still apply.  */
| #ifdef __cplusplus
| extern "C"
| #endif
| char getspnam ();
| int
| main ()
| {
| return getspnam ();
|   ;
|   return 0;
| }
configure:4240: clang -o conftest -g -O2 --sysroot=/usr/SDK -I/usr/local/include -I/usr/include -L/usr/local/lib -L/usr/lib --sysroot=/usr/SDK -I/usr/local/include -I/usr/include -L/usr/local/lib -L/usr/lib conftest.c -lsec   >&5
ld: library not found for -lsec
Not signing file
clang-5.0: error: linker command failed with exit code 1 (use -v to see invocation)
configure:4240: $? = 1
configure: failed program was:
| /* confdefs.h */
| #define PACKAGE_NAME "tcsh"
| #define PACKAGE_TARNAME "tcsh"
| #define PACKAGE_VERSION "6.20.00"
| #define PACKAGE_STRING "tcsh 6.20.00"
| #define PACKAGE_BUGREPORT "http://bugs.gw.com/"
| #define PACKAGE_URL ""
| /* end confdefs.h.  */
| 
| /* Override any GCC internal prototype to avoid an error.
|    Use char because int might match the return type of a GCC
|    builtin and then its argument prototype would still apply.  */
| #ifdef __cplusplus
| extern "C"
| #endif
| char getspnam ();
| int
| main ()
| {
| return getspnam ();
|   ;
|   return 0;
| }
configure:4257: result: no
configure:4265: checking for library containing tgetent
configure:4296: clang -o conftest -g -O2 --sysroot=/usr/SDK -I/usr/local/include -I/usr/include -L/usr/local/lib -L/usr/lib --sysroot=/usr/SDK -I/usr/local/include -I/usr/include -L/usr/local/lib -L/usr/lib conftest.c  >&5
Undefined symbols for architecture arm64:
  "_tgetent", referenced from:
      _main in conftest-21aaa4.o
ld: symbol(s) not found for architecture arm64
Not signing file
clang-5.0: error: linker command failed with exit code 1 (use -v to see invocation)
configure:4296: $? = 1
configure: failed program was:
| /* confdefs.h */
| #define PACKAGE_NAME "tcsh"
| #define PACKAGE_TARNAME "tcsh"
| #define PACKAGE_VERSION "6.20.00"
| #define PACKAGE_STRING "tcsh 6.20.00"
| #define PACKAGE_BUGREPORT "http://bugs.gw.com/"
| #define PACKAGE_URL ""
| /* end confdefs.h.  */
| 
| /* Override any GCC internal prototype to avoid an error.
|    Use char because int might match the return type of a GCC
|    builtin and then its argument prototype would still apply.  */
| #ifdef __cplusplus
| extern "C"
| #endif
| char tgetent ();
| int
| main ()
| {
| return tgetent ();
|   ;
|   return 0;
| }
configure:4296: clang -o conftest -g -O2 --sysroot=/usr/SDK -I/usr/local/include -I/usr/include -L/usr/local/lib -L/usr/lib --sysroot=/usr/SDK -I/usr/local/include -I/usr/include -L/usr/local/lib -L/usr/lib conftest.c -ltermlib   >&5
ld: library not found for -ltermlib
Not signing file
clang-5.0: error: linker command failed with exit code 1 (use -v to see invocation)
configure:4296: $? = 1
configure: failed program was:
| /* confdefs.h */
| #define PACKAGE_NAME "tcsh"
| #define PACKAGE_TARNAME "tcsh"
| #define PACKAGE_VERSION "6.20.00"
| #define PACKAGE_STRING "tcsh 6.20.00"
| #define PACKAGE_BUGREPORT "http://bugs.gw.com/"
| #define PACKAGE_URL ""
| /* end confdefs.h.  */
| 
| /* Override any GCC internal prototype to avoid an error.
|    Use char because int might match the return type of a GCC
|    builtin and then its argument prototype would still apply.  */
| #ifdef __cplusplus
| extern "C"
| #endif
| char tgetent ();
| int
| main ()
| {
| return tgetent ();
|   ;
|   return 0;
| }
configure:4296: clang -o conftest -g -O2 --sysroot=/usr/SDK -I/usr/local/include -I/usr/include -L/usr/local/lib -L/usr/lib --sysroot=/usr/SDK -I/usr/local/include -I/usr/include -L/usr/local/lib -L/usr/lib conftest.c -ltermcap   >&5
ld: library not found for -ltermcap
Not signing file
clang-5.0: error: linker command failed with exit code 1 (use -v to see invocation)
configure:4296: $? = 1
configure: failed program was:
| /* confdefs.h */
| #define PACKAGE_NAME "tcsh"
| #define PACKAGE_TARNAME "tcsh"
| #define PACKAGE_VERSION "6.20.00"
| #define PACKAGE_STRING "tcsh 6.20.00"
| #define PACKAGE_BUGREPORT "http://bugs.gw.com/"
| #define PACKAGE_URL ""
| /* end confdefs.h.  */
| 
| /* Override any GCC internal prototype to avoid an error.
|    Use char because int might match the return type of a GCC
|    builtin and then its argument prototype would still apply.  */
| #ifdef __cplusplus
| extern "C"
| #endif
| char tgetent ();
| int
| main ()
| {
| return tgetent ();
|   ;
|   return 0;
| }
configure:4296: clang -o conftest -g -O2 --sysroot=/usr/SDK -I/usr/local/include -I/usr/include -L/usr/local/lib -L/usr/lib --sysroot=/usr/SDK -I/usr/local/include -I/usr/include -L/usr/local/lib -L/usr/lib conftest.c -lcurses   >&5
configure:4296: $? = 0
configure:4313: result: -lcurses
configure:4325: checking for library containing gethostbyname
configure:4356: clang -o conftest -g -O2 --sysroot=/usr/SDK -I/usr/local/include -I/usr/include -L/usr/local/lib -L/usr/lib --sysroot=/usr/SDK -I/usr/local/include -I/usr/include -L/usr/local/lib -L/usr/lib conftest.c -lcurses  >&5
configure:4356: $? = 0
configure:4373: result: none required
configure:4381: checking for library containing connect
configure:4412: clang -o conftest -g -O2 --sysroot=/usr/SDK -I/usr/local/include -I/usr/include -L/usr/local/lib -L/usr/lib --sysroot=/usr/SDK -I/usr/local/include -I/usr/include -L/usr/local/lib -L/usr/lib conftest.c -lcurses  >&5
configure:4412: $? = 0
configure:4429: result: none required
configure:4437: checking for library containing catgets
configure:4468: clang -o conftest -g -O2 --sysroot=/usr/SDK -I/usr/local/include -I/usr/include -L/usr/local/lib -L/usr/lib --sysroot=/usr/SDK -I/usr/local/include -I/usr/include -L/usr/local/lib -L/usr/lib conftest.c -lcurses  >&5
configure:4468: $? = 0
configure:4485: result: none required
configure:4534: checking for ld used by clang
configure:4601: result: /usr/bin/ld
configure:4608: checking if the linker (/usr/bin/ld) is GNU ld
configure:4623: result: no
configure:4630: checking for shared library run path origin
configure:4643: result: done
configure:5221: checking for iconv
configure:5245: clang -o conftest -g -O2 --sysroot=/usr/SDK -I/usr/local/include -I/usr/include -L/usr/local/lib -L/usr/lib --sysroot=/usr/SDK -I/usr/local/include -I/usr/include -L/usr/local/lib -L/usr/lib conftest.c -lcurses  >&5
Undefined symbols for architecture arm64:
  "_libiconv", referenced from:
      _main in conftest-70dc17.o
  "_libiconv_close", referenced from:
      _main in conftest-70dc17.o
  "_libiconv_open", referenced from:
      _main in conftest-70dc17.o
ld: symbol(s) not found for architecture arm64
Not signing file
clang-5.0: error: linker command failed with exit code 1 (use -v to see invocation)
configure:5245: $? = 1
configure: failed program was:
| /* confdefs.h */
| #define PACKAGE_NAME "tcsh"
| #define PACKAGE_TARNAME "tcsh"
| #define PACKAGE_VERSION "6.20.00"
| #define PACKAGE_STRING "tcsh 6.20.00"
| #define PACKAGE_BUGREPORT "http://bugs.gw.com/"
| #define PACKAGE_URL ""
| /* end confdefs.h.  */
| 
| #include <stdlib.h>
| #include <iconv.h>
| 
| int
| main ()
| {
| iconv_t cd = iconv_open("","");
|            iconv(cd,NULL,NULL,NULL,NULL);
|            iconv_close(cd);
|   ;
|   return 0;
| }
configure:5269: clang -o conftest -g -O2 --sysroot=/usr/SDK -I/usr/local/include -I/usr/include -L/usr/local/lib -L/usr/lib --sysroot=/usr/SDK -I/usr/local/include -I/usr/include -L/usr/local/lib -L/usr/lib conftest.c -lcurses  -liconv >&5
configure:5269: $? = 0
configure:5279: result: yes
configure:5282: checking for working iconv
configure:5411: clang -o conftest -g -O2 --sysroot=/usr/SDK -I/usr/local/include -I/usr/include -L/usr/local/lib -L/usr/lib --sysroot=/usr/SDK -I/usr/local/include -I/usr/include -L/usr/local/lib -L/usr/lib conftest.c -lcurses  -liconv >&5
configure:5411: $? = 0
configure:5411: ./conftest
configure:5411: $? = 0
configure:5423: result: yes
configure:5438: checking how to link with libiconv
configure:5440: result: -liconv
configure:5451: checking for iconv declaration
configure:5480: clang -c -g -O2 --sysroot=/usr/SDK -I/usr/local/include -I/usr/include -L/usr/local/lib -L/usr/lib conftest.c >&5
clang-5.0: warning: argument unused during compilation: '-L/usr/local/lib' [-Wunused-command-line-argument]
clang-5.0: warning: argument unused during compilation: '-L/usr/lib' [-Wunused-command-line-argument]
configure:5480: $? = 0
configure:5491: result:
         extern size_t iconv (iconv_t cd, char * *inbuf, size_t *inbytesleft, char * *outbuf, size_t *outbytesleft);
configure:5503: checking for ANSI C header files
configure:5523: clang -c -g -O2 --sysroot=/usr/SDK -I/usr/local/include -I/usr/include -L/usr/local/lib -L/usr/lib conftest.c >&5
clang-5.0: warning: argument unused during compilation: '-L/usr/local/lib' [-Wunused-command-line-argument]
clang-5.0: warning: argument unused during compilation: '-L/usr/lib' [-Wunused-command-line-argument]
configure:5523: $? = 0
clang-5.0: warning: argument unused during compilation: '-L/usr/local/lib' [-Wunused-command-line-argument]
clang-5.0: warning: argument unused during compilation: '-L/usr/lib' [-Wunused-command-line-argument]
clang-5.0: warning: argument unused during compilation: '-L/usr/local/lib' [-Wunused-command-line-argument]
clang-5.0: warning: argument unused during compilation: '-L/usr/lib' [-Wunused-command-line-argument]
configure:5596: clang -o conftest -g -O2 --sysroot=/usr/SDK -I/usr/local/include -I/usr/include -L/usr/local/lib -L/usr/lib --sysroot=/usr/SDK -I/usr/local/include -I/usr/include -L/usr/local/lib -L/usr/lib conftest.c -lcurses  >&5
configure:5596: $? = 0
configure:5596: ./conftest
configure:5596: $? = 0
configure:5607: result: yes
configure:5620: checking for sys/types.h
configure:5620: clang -c -g -O2 --sysroot=/usr/SDK -I/usr/local/include -I/usr/include -L/usr/local/lib -L/usr/lib conftest.c >&5
clang-5.0: warning: argument unused during compilation: '-L/usr/local/lib' [-Wunused-command-line-argument]
clang-5.0: warning: argument unused during compilation: '-L/usr/lib' [-Wunused-command-line-argument]
configure:5620: $? = 0
configure:5620: result: yes
configure:5620: checking for sys/stat.h
configure:5620: clang -c -g -O2 --sysroot=/usr/SDK -I/usr/local/include -I/usr/include -L/usr/local/lib -L/usr/lib conftest.c >&5
clang-5.0: warning: argument unused during compilation: '-L/usr/local/lib' [-Wunused-command-line-argument]
clang-5.0: warning: argument unused during compilation: '-L/usr/lib' [-Wunused-command-line-argument]
configure:5620: $? = 0
configure:5620: result: yes
configure:5620: checking for stdlib.h
configure:5620: clang -c -g -O2 --sysroot=/usr/SDK -I/usr/local/include -I/usr/include -L/usr/local/lib -L/usr/lib conftest.c >&5
clang-5.0: warning: argument unused during compilation: '-L/usr/local/lib' [-Wunused-command-line-argument]
clang-5.0: warning: argument unused during compilation: '-L/usr/lib' [-Wunused-command-line-argument]
configure:5620: $? = 0
configure:5620: result: yes
configure:5620: checking for string.h
configure:5620: clang -c -g -O2 --sysroot=/usr/SDK -I/usr/local/include -I/usr/include -L/usr/local/lib -L/usr/lib conftest.c >&5
clang-5.0: warning: argument unused during compilation: '-L/usr/local/lib' [-Wunused-command-line-argument]
clang-5.0: warning: argument unused during compilation: '-L/usr/lib' [-Wunused-command-line-argument]
configure:5620: $? = 0
configure:5620: result: yes
configure:5620: checking for memory.h
configure:5620: clang -c -g -O2 --sysroot=/usr/SDK -I/usr/local/include -I/usr/include -L/usr/local/lib -L/usr/lib conftest.c >&5
clang-5.0: warning: argument unused during compilation: '-L/usr/local/lib' [-Wunused-command-line-argument]
clang-5.0: warning: argument unused during compilation: '-L/usr/lib' [-Wunused-command-line-argument]
configure:5620: $? = 0
configure:5620: result: yes
configure:5620: checking for strings.h
configure:5620: clang -c -g -O2 --sysroot=/usr/SDK -I/usr/local/include -I/usr/include -L/usr/local/lib -L/usr/lib conftest.c >&5
clang-5.0: warning: argument unused during compilation: '-L/usr/local/lib' [-Wunused-command-line-argument]
clang-5.0: warning: argument unused during compilation: '-L/usr/lib' [-Wunused-command-line-argument]
configure:5620: $? = 0
configure:5620: result: yes
configure:5620: checking for inttypes.h
configure:5620: clang -c -g -O2 --sysroot=/usr/SDK -I/usr/local/include -I/usr/include -L/usr/local/lib -L/usr/lib conftest.c >&5
clang-5.0: warning: argument unused during compilation: '-L/usr/local/lib' [-Wunused-command-line-argument]
clang-5.0: warning: argument unused during compilation: '-L/usr/lib' [-Wunused-command-line-argument]
configure:5620: $? = 0
configure:5620: result: yes
configure:5620: checking for stdint.h
configure:5620: clang -c -g -O2 --sysroot=/usr/SDK -I/usr/local/include -I/usr/include -L/usr/local/lib -L/usr/lib conftest.c >&5
clang-5.0: warning: argument unused during compilation: '-L/usr/local/lib' [-Wunused-command-line-argument]
clang-5.0: warning: argument unused during compilation: '-L/usr/lib' [-Wunused-command-line-argument]
configure:5620: $? = 0
configure:5620: result: yes
configure:5620: checking for unistd.h
configure:5620: clang -c -g -O2 --sysroot=/usr/SDK -I/usr/local/include -I/usr/include -L/usr/local/lib -L/usr/lib conftest.c >&5
clang-5.0: warning: argument unused during compilation: '-L/usr/local/lib' [-Wunused-command-line-argument]
clang-5.0: warning: argument unused during compilation: '-L/usr/lib' [-Wunused-command-line-argument]
configure:5620: $? = 0
configure:5620: result: yes
configure:5635: checking auth.h usability
configure:5635: clang -c -g -O2 --sysroot=/usr/SDK -I/usr/local/include -I/usr/include -L/usr/local/lib -L/usr/lib conftest.c >&5
clang-5.0: warning: argument unused during compilation: '-L/usr/local/lib' [-Wunused-command-line-argument]
clang-5.0: warning: argument unused during compilation: '-L/usr/lib' [-Wunused-command-line-argument]
conftest.c:54:10: fatal error: 'auth.h' file not found
#include <auth.h>
         ^~~~~~~~
1 error generated.
configure:5635: $? = 1
configure: failed program was:
| /* confdefs.h */
| #define PACKAGE_NAME "tcsh"
| #define PACKAGE_TARNAME "tcsh"
| #define PACKAGE_VERSION "6.20.00"
| #define PACKAGE_STRING "tcsh 6.20.00"
| #define PACKAGE_BUGREPORT "http://bugs.gw.com/"
| #define PACKAGE_URL ""
| #define HAVE_ICONV 1
| #define ICONV_CONST 
| #define STDC_HEADERS 1
| #define HAVE_SYS_TYPES_H 1
| #define HAVE_SYS_STAT_H 1
| #define HAVE_STDLIB_H 1
| #define HAVE_STRING_H 1
| #define HAVE_MEMORY_H 1
| #define HAVE_STRINGS_H 1
| #define HAVE_INTTYPES_H 1
| #define HAVE_STDINT_H 1
| #define HAVE_UNISTD_H 1
| /* end confdefs.h.  */
| #include <stdio.h>
| #ifdef HAVE_SYS_TYPES_H
| # include <sys/types.h>
| #endif
| #ifdef HAVE_SYS_STAT_H
| # include <sys/stat.h>
| #endif
| #ifdef STDC_HEADERS
| # include <stdlib.h>
| # include <stddef.h>
| #else
| # ifdef HAVE_STDLIB_H
| #  include <stdlib.h>
| # endif
| #endif
| #ifdef HAVE_STRING_H
| # if !defined STDC_HEADERS && defined HAVE_MEMORY_H
| #  include <memory.h>
| # endif
| # include <string.h>
| #endif
| #ifdef HAVE_STRINGS_H
| # include <strings.h>
| #endif
| #ifdef HAVE_INTTYPES_H
| # include <inttypes.h>
| #endif
| #ifdef HAVE_STDINT_H
| # include <stdint.h>
| #endif
| #ifdef HAVE_UNISTD_H
| # include <unistd.h>
| #endif
| #include <auth.h>
configure:5635: result: no
configure:5635: checking auth.h presence
configure:5635: clang -E --sysroot=/usr/SDK -I/usr/local/include -I/usr/include -L/usr/local/lib -L/usr/lib conftest.c
clang-5.0: warning: argument unused during compilation: '-L/usr/local/lib' [-Wunused-command-line-argument]
clang-5.0: warning: argument unused during compilation: '-L/usr/lib' [-Wunused-command-line-argument]
conftest.c:21:10: fatal error: 'auth.h' file not found
#include <auth.h>
         ^~~~~~~~
1 error generated.
configure:5635: $? = 1
configure: failed program was:
| /* confdefs.h */
| #define PACKAGE_NAME "tcsh"
| #define PACKAGE_TARNAME "tcsh"
| #define PACKAGE_VERSION "6.20.00"
| #define PACKAGE_STRING "tcsh 6.20.00"
| #define PACKAGE_BUGREPORT "http://bugs.gw.com/"
| #define PACKAGE_URL ""
| #define HAVE_ICONV 1
| #define ICONV_CONST 
| #define STDC_HEADERS 1
| #define HAVE_SYS_TYPES_H 1
| #define HAVE_SYS_STAT_H 1
| #define HAVE_STDLIB_H 1
| #define HAVE_STRING_H 1
| #define HAVE_MEMORY_H 1
| #define HAVE_STRINGS_H 1
| #define HAVE_INTTYPES_H 1
| #define HAVE_STDINT_H 1
| #define HAVE_UNISTD_H 1
| /* end confdefs.h.  */
| #include <auth.h>
configure:5635: result: no
configure:5635: checking for auth.h
configure:5635: result: no
configure:5635: checking crypt.h usability
configure:5635: clang -c -g -O2 --sysroot=/usr/SDK -I/usr/local/include -I/usr/include -L/usr/local/lib -L/usr/lib conftest.c >&5
clang-5.0: warning: argument unused during compilation: '-L/usr/local/lib' [-Wunused-command-line-argument]
clang-5.0: warning: argument unused during compilation: '-L/usr/lib' [-Wunused-command-line-argument]
conftest.c:54:10: fatal error: 'crypt.h' file not found
#include <crypt.h>
         ^~~~~~~~~
1 error generated.
configure:5635: $? = 1
configure: failed program was:
| /* confdefs.h */
| #define PACKAGE_NAME "tcsh"
| #define PACKAGE_TARNAME "tcsh"
| #define PACKAGE_VERSION "6.20.00"
| #define PACKAGE_STRING "tcsh 6.20.00"
| #define PACKAGE_BUGREPORT "http://bugs.gw.com/"
| #define PACKAGE_URL ""
| #define HAVE_ICONV 1
| #define ICONV_CONST 
| #define STDC_HEADERS 1
| #define HAVE_SYS_TYPES_H 1
| #define HAVE_SYS_STAT_H 1
| #define HAVE_STDLIB_H 1
| #define HAVE_STRING_H 1
| #define HAVE_MEMORY_H 1
| #define HAVE_STRINGS_H 1
| #define HAVE_INTTYPES_H 1
| #define HAVE_STDINT_H 1
| #define HAVE_UNISTD_H 1
| /* end confdefs.h.  */
| #include <stdio.h>
| #ifdef HAVE_SYS_TYPES_H
| # include <sys/types.h>
| #endif
| #ifdef HAVE_SYS_STAT_H
| # include <sys/stat.h>
| #endif
| #ifdef STDC_HEADERS
| # include <stdlib.h>
| # include <stddef.h>
| #else
| # ifdef HAVE_STDLIB_H
| #  include <stdlib.h>
| # endif
| #endif
| #ifdef HAVE_STRING_H
| # if !defined STDC_HEADERS && defined HAVE_MEMORY_H
| #  include <memory.h>
| # endif
| # include <string.h>
| #endif
| #ifdef HAVE_STRINGS_H
| # include <strings.h>
| #endif
| #ifdef HAVE_INTTYPES_H
| # include <inttypes.h>
| #endif
| #ifdef HAVE_STDINT_H
| # include <stdint.h>
| #endif
| #ifdef HAVE_UNISTD_H
| # include <unistd.h>
| #endif
| #include <crypt.h>
configure:5635: result: no
configure:5635: checking crypt.h presence
configure:5635: clang -E --sysroot=/usr/SDK -I/usr/local/include -I/usr/include -L/usr/local/lib -L/usr/lib conftest.c
clang-5.0: warning: argument unused during compilation: '-L/usr/local/lib' [-Wunused-command-line-argument]
clang-5.0: warning: argument unused during compilation: '-L/usr/lib' [-Wunused-command-line-argument]
conftest.c:21:10: fatal error: 'crypt.h' file not found
#include <crypt.h>
         ^~~~~~~~~
1 error generated.
configure:5635: $? = 1
configure: failed program was:
| /* confdefs.h */
| #define PACKAGE_NAME "tcsh"
| #define PACKAGE_TARNAME "tcsh"
| #define PACKAGE_VERSION "6.20.00"
| #define PACKAGE_STRING "tcsh 6.20.00"
| #define PACKAGE_BUGREPORT "http://bugs.gw.com/"
| #define PACKAGE_URL ""
| #define HAVE_ICONV 1
| #define ICONV_CONST 
| #define STDC_HEADERS 1
| #define HAVE_SYS_TYPES_H 1
| #define HAVE_SYS_STAT_H 1
| #define HAVE_STDLIB_H 1
| #define HAVE_STRING_H 1
| #define HAVE_MEMORY_H 1
| #define HAVE_STRINGS_H 1
| #define HAVE_INTTYPES_H 1
| #define HAVE_STDINT_H 1
| #define HAVE_UNISTD_H 1
| /* end confdefs.h.  */
| #include <crypt.h>
configure:5635: result: no
configure:5635: checking for crypt.h
configure:5635: result: no
configure:5635: checking features.h usability
configure:5635: clang -c -g -O2 --sysroot=/usr/SDK -I/usr/local/include -I/usr/include -L/usr/local/lib -L/usr/lib conftest.c >&5
clang-5.0: warning: argument unused during compilation: '-L/usr/local/lib' [-Wunused-command-line-argument]
clang-5.0: warning: argument unused during compilation: '-L/usr/lib' [-Wunused-command-line-argument]
conftest.c:54:10: fatal error: 'features.h' file not found
#include <features.h>
         ^~~~~~~~~~~~
1 error generated.
configure:5635: $? = 1
configure: failed program was:
| /* confdefs.h */
| #define PACKAGE_NAME "tcsh"
| #define PACKAGE_TARNAME "tcsh"
| #define PACKAGE_VERSION "6.20.00"
| #define PACKAGE_STRING "tcsh 6.20.00"
| #define PACKAGE_BUGREPORT "http://bugs.gw.com/"
| #define PACKAGE_URL ""
| #define HAVE_ICONV 1
| #define ICONV_CONST 
| #define STDC_HEADERS 1
| #define HAVE_SYS_TYPES_H 1
| #define HAVE_SYS_STAT_H 1
| #define HAVE_STDLIB_H 1
| #define HAVE_STRING_H 1
| #define HAVE_MEMORY_H 1
| #define HAVE_STRINGS_H 1
| #define HAVE_INTTYPES_H 1
| #define HAVE_STDINT_H 1
| #define HAVE_UNISTD_H 1
| /* end confdefs.h.  */
| #include <stdio.h>
| #ifdef HAVE_SYS_TYPES_H
| # include <sys/types.h>
| #endif
| #ifdef HAVE_SYS_STAT_H
| # include <sys/stat.h>
| #endif
| #ifdef STDC_HEADERS
| # include <stdlib.h>
| # include <stddef.h>
| #else
| # ifdef HAVE_STDLIB_H
| #  include <stdlib.h>
| # endif
| #endif
| #ifdef HAVE_STRING_H
| # if !defined STDC_HEADERS && defined HAVE_MEMORY_H
| #  include <memory.h>
| # endif
| # include <string.h>
| #endif
| #ifdef HAVE_STRINGS_H
| # include <strings.h>
| #endif
| #ifdef HAVE_INTTYPES_H
| # include <inttypes.h>
| #endif
| #ifdef HAVE_STDINT_H
| # include <stdint.h>
| #endif
| #ifdef HAVE_UNISTD_H
| # include <unistd.h>
| #endif
| #include <features.h>
configure:5635: result: no
configure:5635: checking features.h presence
configure:5635: clang -E --sysroot=/usr/SDK -I/usr/local/include -I/usr/include -L/usr/local/lib -L/usr/lib conftest.c
clang-5.0: warning: argument unused during compilation: '-L/usr/local/lib' [-Wunused-command-line-argument]
clang-5.0: warning: argument unused during compilation: '-L/usr/lib' [-Wunused-command-line-argument]
conftest.c:21:10: fatal error: 'features.h' file not found
#include <features.h>
         ^~~~~~~~~~~~
1 error generated.
configure:5635: $? = 1
configure: failed program was:
| /* confdefs.h */
| #define PACKAGE_NAME "tcsh"
| #define PACKAGE_TARNAME "tcsh"
| #define PACKAGE_VERSION "6.20.00"
| #define PACKAGE_STRING "tcsh 6.20.00"
| #define PACKAGE_BUGREPORT "http://bugs.gw.com/"
| #define PACKAGE_URL ""
| #define HAVE_ICONV 1
| #define ICONV_CONST 
| #define STDC_HEADERS 1
| #define HAVE_SYS_TYPES_H 1
| #define HAVE_SYS_STAT_H 1
| #define HAVE_STDLIB_H 1
| #define HAVE_STRING_H 1
| #define HAVE_MEMORY_H 1
| #define HAVE_STRINGS_H 1
| #define HAVE_INTTYPES_H 1
| #define HAVE_STDINT_H 1
| #define HAVE_UNISTD_H 1
| /* end confdefs.h.  */
| #include <features.h>
configure:5635: result: no
configure:5635: checking for features.h
configure:5635: result: no
configure:5635: checking for inttypes.h
configure:5635: result: yes
configure:5635: checking paths.h usability
configure:5635: clang -c -g -O2 --sysroot=/usr/SDK -I/usr/local/include -I/usr/include -L/usr/local/lib -L/usr/lib conftest.c >&5
clang-5.0: warning: argument unused during compilation: '-L/usr/local/lib' [-Wunused-command-line-argument]
clang-5.0: warning: argument unused during compilation: '-L/usr/lib' [-Wunused-command-line-argument]
configure:5635: $? = 0
configure:5635: result: yes
configure:5635: checking paths.h presence
configure:5635: clang -E --sysroot=/usr/SDK -I/usr/local/include -I/usr/include -L/usr/local/lib -L/usr/lib conftest.c
clang-5.0: warning: argument unused during compilation: '-L/usr/local/lib' [-Wunused-command-line-argument]
clang-5.0: warning: argument unused during compilation: '-L/usr/lib' [-Wunused-command-line-argument]
configure:5635: $? = 0
configure:5635: result: yes
configure:5635: checking for paths.h
configure:5635: result: yes
configure:5635: checking shadow.h usability
configure:5635: clang -c -g -O2 --sysroot=/usr/SDK -I/usr/local/include -I/usr/include -L/usr/local/lib -L/usr/lib conftest.c >&5
clang-5.0: warning: argument unused during compilation: '-L/usr/local/lib' [-Wunused-command-line-argument]
clang-5.0: warning: argument unused during compilation: '-L/usr/lib' [-Wunused-command-line-argument]
conftest.c:56:10: fatal error: 'shadow.h' file not found
#include <shadow.h>
         ^~~~~~~~~~
1 error generated.
configure:5635: $? = 1
configure: failed program was:
| /* confdefs.h */
| #define PACKAGE_NAME "tcsh"
| #define PACKAGE_TARNAME "tcsh"
| #define PACKAGE_VERSION "6.20.00"
| #define PACKAGE_STRING "tcsh 6.20.00"
| #define PACKAGE_BUGREPORT "http://bugs.gw.com/"
| #define PACKAGE_URL ""
| #define HAVE_ICONV 1
| #define ICONV_CONST 
| #define STDC_HEADERS 1
| #define HAVE_SYS_TYPES_H 1
| #define HAVE_SYS_STAT_H 1
| #define HAVE_STDLIB_H 1
| #define HAVE_STRING_H 1
| #define HAVE_MEMORY_H 1
| #define HAVE_STRINGS_H 1
| #define HAVE_INTTYPES_H 1
| #define HAVE_STDINT_H 1
| #define HAVE_UNISTD_H 1
| #define HAVE_INTTYPES_H 1
| #define HAVE_PATHS_H 1
| /* end confdefs.h.  */
| #include <stdio.h>
| #ifdef HAVE_SYS_TYPES_H
| # include <sys/types.h>
| #endif
| #ifdef HAVE_SYS_STAT_H
| # include <sys/stat.h>
| #endif
| #ifdef STDC_HEADERS
| # include <stdlib.h>
| # include <stddef.h>
| #else
| # ifdef HAVE_STDLIB_H
| #  include <stdlib.h>
| # endif
| #endif
| #ifdef HAVE_STRING_H
| # if !defined STDC_HEADERS && defined HAVE_MEMORY_H
| #  include <memory.h>
| # endif
| # include <string.h>
| #endif
| #ifdef HAVE_STRINGS_H
| # include <strings.h>
| #endif
| #ifdef HAVE_INTTYPES_H
| # include <inttypes.h>
| #endif
| #ifdef HAVE_STDINT_H
| # include <stdint.h>
| #endif
| #ifdef HAVE_UNISTD_H
| # include <unistd.h>
| #endif
| #include <shadow.h>
configure:5635: result: no
configure:5635: checking shadow.h presence
configure:5635: clang -E --sysroot=/usr/SDK -I/usr/local/include -I/usr/include -L/usr/local/lib -L/usr/lib conftest.c
clang-5.0: warning: argument unused during compilation: '-L/usr/local/lib' [-Wunused-command-line-argument]
clang-5.0: warning: argument unused during compilation: '-L/usr/lib' [-Wunused-command-line-argument]
conftest.c:23:10: fatal error: 'shadow.h' file not found
#include <shadow.h>
         ^~~~~~~~~~
1 error generated.
configure:5635: $? = 1
configure: failed program was:
| /* confdefs.h */
| #define PACKAGE_NAME "tcsh"
| #define PACKAGE_TARNAME "tcsh"
| #define PACKAGE_VERSION "6.20.00"
| #define PACKAGE_STRING "tcsh 6.20.00"
| #define PACKAGE_BUGREPORT "http://bugs.gw.com/"
| #define PACKAGE_URL ""
| #define HAVE_ICONV 1
| #define ICONV_CONST 
| #define STDC_HEADERS 1
| #define HAVE_SYS_TYPES_H 1
| #define HAVE_SYS_STAT_H 1
| #define HAVE_STDLIB_H 1
| #define HAVE_STRING_H 1
| #define HAVE_MEMORY_H 1
| #define HAVE_STRINGS_H 1
| #define HAVE_INTTYPES_H 1
| #define HAVE_STDINT_H 1
| #define HAVE_UNISTD_H 1
| #define HAVE_INTTYPES_H 1
| #define HAVE_PATHS_H 1
| /* end confdefs.h.  */
| #include <shadow.h>
configure:5635: result: no
configure:5635: checking for shadow.h
configure:5635: result: no
configure:5635: checking for stdint.h
configure:5635: result: yes
configure:5635: checking utmp.h usability
configure:5635: clang -c -g -O2 --sysroot=/usr/SDK -I/usr/local/include -I/usr/include -L/usr/local/lib -L/usr/lib conftest.c >&5
clang-5.0: warning: argument unused during compilation: '-L/usr/local/lib' [-Wunused-command-line-argument]
clang-5.0: warning: argument unused during compilation: '-L/usr/lib' [-Wunused-command-line-argument]
conftest.c:57:10: fatal error: 'utmp.h' file not found
#include <utmp.h>
         ^~~~~~~~
1 error generated.
configure:5635: $? = 1
configure: failed program was:
| /* confdefs.h */
| #define PACKAGE_NAME "tcsh"
| #define PACKAGE_TARNAME "tcsh"
| #define PACKAGE_VERSION "6.20.00"
| #define PACKAGE_STRING "tcsh 6.20.00"
| #define PACKAGE_BUGREPORT "http://bugs.gw.com/"
| #define PACKAGE_URL ""
| #define HAVE_ICONV 1
| #define ICONV_CONST 
| #define STDC_HEADERS 1
| #define HAVE_SYS_TYPES_H 1
| #define HAVE_SYS_STAT_H 1
| #define HAVE_STDLIB_H 1
| #define HAVE_STRING_H 1
| #define HAVE_MEMORY_H 1
| #define HAVE_STRINGS_H 1
| #define HAVE_INTTYPES_H 1
| #define HAVE_STDINT_H 1
| #define HAVE_UNISTD_H 1
| #define HAVE_INTTYPES_H 1
| #define HAVE_PATHS_H 1
| #define HAVE_STDINT_H 1
| /* end confdefs.h.  */
| #include <stdio.h>
| #ifdef HAVE_SYS_TYPES_H
| # include <sys/types.h>
| #endif
| #ifdef HAVE_SYS_STAT_H
| # include <sys/stat.h>
| #endif
| #ifdef STDC_HEADERS
| # include <stdlib.h>
| # include <stddef.h>
| #else
| # ifdef HAVE_STDLIB_H
| #  include <stdlib.h>
| # endif
| #endif
| #ifdef HAVE_STRING_H
| # if !defined STDC_HEADERS && defined HAVE_MEMORY_H
| #  include <memory.h>
| # endif
| # include <string.h>
| #endif
| #ifdef HAVE_STRINGS_H
| # include <strings.h>
| #endif
| #ifdef HAVE_INTTYPES_H
| # include <inttypes.h>
| #endif
| #ifdef HAVE_STDINT_H
| # include <stdint.h>
| #endif
| #ifdef HAVE_UNISTD_H
| # include <unistd.h>
| #endif
| #include <utmp.h>
configure:5635: result: no
configure:5635: checking utmp.h presence
configure:5635: clang -E --sysroot=/usr/SDK -I/usr/local/include -I/usr/include -L/usr/local/lib -L/usr/lib conftest.c
clang-5.0: warning: argument unused during compilation: '-L/usr/local/lib' [-Wunused-command-line-argument]
clang-5.0: warning: argument unused during compilation: '-L/usr/lib' [-Wunused-command-line-argument]
conftest.c:24:10: fatal error: 'utmp.h' file not found
#include <utmp.h>
         ^~~~~~~~
1 error generated.
configure:5635: $? = 1
configure: failed program was:
| /* confdefs.h */
| #define PACKAGE_NAME "tcsh"
| #define PACKAGE_TARNAME "tcsh"
| #define PACKAGE_VERSION "6.20.00"
| #define PACKAGE_STRING "tcsh 6.20.00"
| #define PACKAGE_BUGREPORT "http://bugs.gw.com/"
| #define PACKAGE_URL ""
| #define HAVE_ICONV 1
| #define ICONV_CONST 
| #define STDC_HEADERS 1
| #define HAVE_SYS_TYPES_H 1
| #define HAVE_SYS_STAT_H 1
| #define HAVE_STDLIB_H 1
| #define HAVE_STRING_H 1
| #define HAVE_MEMORY_H 1
| #define HAVE_STRINGS_H 1
| #define HAVE_INTTYPES_H 1
| #define HAVE_STDINT_H 1
| #define HAVE_UNISTD_H 1
| #define HAVE_INTTYPES_H 1
| #define HAVE_PATHS_H 1
| #define HAVE_STDINT_H 1
| /* end confdefs.h.  */
| #include <utmp.h>
configure:5635: result: no
configure:5635: checking for utmp.h
configure:5635: result: no
configure:5635: checking utmpx.h usability
configure:5635: clang -c -g -O2 --sysroot=/usr/SDK -I/usr/local/include -I/usr/include -L/usr/local/lib -L/usr/lib conftest.c >&5
clang-5.0: warning: argument unused during compilation: '-L/usr/local/lib' [-Wunused-command-line-argument]
clang-5.0: warning: argument unused during compilation: '-L/usr/lib' [-Wunused-command-line-argument]
configure:5635: $? = 0
configure:5635: result: yes
configure:5635: checking utmpx.h presence
configure:5635: clang -E --sysroot=/usr/SDK -I/usr/local/include -I/usr/include -L/usr/local/lib -L/usr/lib conftest.c
clang-5.0: warning: argument unused during compilation: '-L/usr/local/lib' [-Wunused-command-line-argument]
clang-5.0: warning: argument unused during compilation: '-L/usr/lib' [-Wunused-command-line-argument]
configure:5635: $? = 0
configure:5635: result: yes
configure:5635: checking for utmpx.h
configure:5635: result: yes
configure:5647: checking wchar.h usability
configure:5647: clang -c -g -O2 --sysroot=/usr/SDK -I/usr/local/include -I/usr/include -L/usr/local/lib -L/usr/lib conftest.c >&5
clang-5.0: warning: argument unused during compilation: '-L/usr/local/lib' [-Wunused-command-line-argument]
clang-5.0: warning: argument unused during compilation: '-L/usr/lib' [-Wunused-command-line-argument]
configure:5647: $? = 0
configure:5647: result: yes
configure:5647: checking wchar.h presence
configure:5647: clang -E --sysroot=/usr/SDK -I/usr/local/include -I/usr/include -L/usr/local/lib -L/usr/lib conftest.c
clang-5.0: warning: argument unused during compilation: '-L/usr/local/lib' [-Wunused-command-line-argument]
clang-5.0: warning: argument unused during compilation: '-L/usr/lib' [-Wunused-command-line-argument]
configure:5647: $? = 0
configure:5647: result: yes
configure:5647: checking for wchar.h
configure:5647: result: yes
configure:5656: checking size of wchar_t
configure:5661: clang -o conftest -g -O2 --sysroot=/usr/SDK -I/usr/local/include -I/usr/include -L/usr/local/lib -L/usr/lib --sysroot=/usr/SDK -I/usr/local/include -I/usr/include -L/usr/local/lib -L/usr/lib conftest.c -lcurses  >&5
configure:5661: $? = 0
configure:5661: ./conftest
configure:5661: $? = 0
configure:5677: result: 4
configure:5689: checking wctype.h usability
configure:5689: clang -c -g -O2 --sysroot=/usr/SDK -I/usr/local/include -I/usr/include -L/usr/local/lib -L/usr/lib conftest.c >&5
clang-5.0: warning: argument unused during compilation: '-L/usr/local/lib' [-Wunused-command-line-argument]
clang-5.0: warning: argument unused during compilation: '-L/usr/lib' [-Wunused-command-line-argument]
configure:5689: $? = 0
configure:5689: result: yes
configure:5689: checking wctype.h presence
configure:5689: clang -E --sysroot=/usr/SDK -I/usr/local/include -I/usr/include -L/usr/local/lib -L/usr/lib conftest.c
clang-5.0: warning: argument unused during compilation: '-L/usr/local/lib' [-Wunused-command-line-argument]
clang-5.0: warning: argument unused during compilation: '-L/usr/lib' [-Wunused-command-line-argument]
configure:5689: $? = 0
configure:5689: result: yes
configure:5689: checking for wctype.h
configure:5689: result: yes
configure:5706: checking for dirent.h that defines DIR
configure:5725: clang -c -g -O2 --sysroot=/usr/SDK -I/usr/local/include -I/usr/include -L/usr/local/lib -L/usr/lib conftest.c >&5
clang-5.0: warning: argument unused during compilation: '-L/usr/local/lib' [-Wunused-command-line-argument]
clang-5.0: warning: argument unused during compilation: '-L/usr/lib' [-Wunused-command-line-argument]
configure:5725: $? = 0
configure:5733: result: yes
configure:5746: checking for library containing opendir
configure:5777: clang -o conftest -g -O2 --sysroot=/usr/SDK -I/usr/local/include -I/usr/include -L/usr/local/lib -L/usr/lib --sysroot=/usr/SDK -I/usr/local/include -I/usr/include -L/usr/local/lib -L/usr/lib conftest.c -lcurses  >&5
configure:5777: $? = 0
configure:5794: result: none required
configure:5861: checking whether stat file-mode macros are broken
configure:5888: clang -c -g -O2 --sysroot=/usr/SDK -I/usr/local/include -I/usr/include -L/usr/local/lib -L/usr/lib conftest.c >&5
clang-5.0: warning: argument unused during compilation: '-L/usr/local/lib' [-Wunused-command-line-argument]
clang-5.0: warning: argument unused during compilation: '-L/usr/lib' [-Wunused-command-line-argument]
configure:5888: $? = 0
configure:5895: result: no
configure:5903: checking for ANSI C header files
configure:6007: result: yes
configure:6016: checking for long long
configure:6016: clang -c -g -O2 --sysroot=/usr/SDK -I/usr/local/include -I/usr/include -L/usr/local/lib -L/usr/lib conftest.c >&5
clang-5.0: warning: argument unused during compilation: '-L/usr/local/lib' [-Wunused-command-line-argument]
clang-5.0: warning: argument unused during compilation: '-L/usr/lib' [-Wunused-command-line-argument]
configure:6016: $? = 0
configure:6016: clang -c -g -O2 --sysroot=/usr/SDK -I/usr/local/include -I/usr/include -L/usr/local/lib -L/usr/lib conftest.c >&5
clang-5.0: warning: argument unused during compilation: '-L/usr/local/lib' [-Wunused-command-line-argument]
clang-5.0: warning: argument unused during compilation: '-L/usr/lib' [-Wunused-command-line-argument]
conftest.c:66:24: error: expected expression
if (sizeof ((long long)))
                       ^
1 error generated.
configure:6016: $? = 1
configure: failed program was:
| /* confdefs.h */
| #define PACKAGE_NAME "tcsh"
| #define PACKAGE_TARNAME "tcsh"
| #define PACKAGE_VERSION "6.20.00"
| #define PACKAGE_STRING "tcsh 6.20.00"
| #define PACKAGE_BUGREPORT "http://bugs.gw.com/"
| #define PACKAGE_URL ""
| #define HAVE_ICONV 1
| #define ICONV_CONST 
| #define STDC_HEADERS 1
| #define HAVE_SYS_TYPES_H 1
| #define HAVE_SYS_STAT_H 1
| #define HAVE_STDLIB_H 1
| #define HAVE_STRING_H 1
| #define HAVE_MEMORY_H 1
| #define HAVE_STRINGS_H 1
| #define HAVE_INTTYPES_H 1
| #define HAVE_STDINT_H 1
| #define HAVE_UNISTD_H 1
| #define HAVE_INTTYPES_H 1
| #define HAVE_PATHS_H 1
| #define HAVE_STDINT_H 1
| #define HAVE_UTMPX_H 1
| #define HAVE_WCHAR_H 1
| #define SIZEOF_WCHAR_T 4
| #define HAVE_WCTYPE_H 1
| #define HAVE_DIRENT_H 1
| #define STDC_HEADERS 1
| /* end confdefs.h.  */
| #include <stdio.h>
| #ifdef HAVE_SYS_TYPES_H
| # include <sys/types.h>
| #endif
| #ifdef HAVE_SYS_STAT_H
| # include <sys/stat.h>
| #endif
| #ifdef STDC_HEADERS
| # include <stdlib.h>
| # include <stddef.h>
| #else
| # ifdef HAVE_STDLIB_H
| #  include <stdlib.h>
| # endif
| #endif
| #ifdef HAVE_STRING_H
| # if !defined STDC_HEADERS && defined HAVE_MEMORY_H
| #  include <memory.h>
| # endif
| # include <string.h>
| #endif
| #ifdef HAVE_STRINGS_H
| # include <strings.h>
| #endif
| #ifdef HAVE_INTTYPES_H
| # include <inttypes.h>
| #endif
| #ifdef HAVE_STDINT_H
| # include <stdint.h>
| #endif
| #ifdef HAVE_UNISTD_H
| # include <unistd.h>
| #endif
| int
| main ()
| {
| if (sizeof ((long long)))
| 	    return 0;
|   ;
|   return 0;
| }
configure:6016: result: yes
configure:6026: checking for uid_t in sys/types.h
clang-5.0: warning: argument unused during compilation: '-L/usr/local/lib' [-Wunused-command-line-argument]
clang-5.0: warning: argument unused during compilation: '-L/usr/lib' [-Wunused-command-line-argument]
configure:6045: result: yes
configure:6056: checking type of array argument to getgroups
configure:6090: clang -o conftest -g -O2 --sysroot=/usr/SDK -I/usr/local/include -I/usr/include -L/usr/local/lib -L/usr/lib --sysroot=/usr/SDK -I/usr/local/include -I/usr/include -L/usr/local/lib -L/usr/lib conftest.c -lcurses  >&5
configure:6090: $? = 0
configure:6090: ./conftest
configure:6090: $? = 0
configure:6115: result: gid_t
configure:6123: checking for mode_t
configure:6123: clang -c -g -O2 --sysroot=/usr/SDK -I/usr/local/include -I/usr/include -L/usr/local/lib -L/usr/lib conftest.c >&5
clang-5.0: warning: argument unused during compilation: '-L/usr/local/lib' [-Wunused-command-line-argument]
clang-5.0: warning: argument unused during compilation: '-L/usr/lib' [-Wunused-command-line-argument]
configure:6123: $? = 0
configure:6123: clang -c -g -O2 --sysroot=/usr/SDK -I/usr/local/include -I/usr/include -L/usr/local/lib -L/usr/lib conftest.c >&5
clang-5.0: warning: argument unused during compilation: '-L/usr/local/lib' [-Wunused-command-line-argument]
clang-5.0: warning: argument unused during compilation: '-L/usr/lib' [-Wunused-command-line-argument]
conftest.c:68:21: error: expected expression
if (sizeof ((mode_t)))
                    ^
1 error generated.
configure:6123: $? = 1
configure: failed program was:
| /* confdefs.h */
| #define PACKAGE_NAME "tcsh"
| #define PACKAGE_TARNAME "tcsh"
| #define PACKAGE_VERSION "6.20.00"
| #define PACKAGE_STRING "tcsh 6.20.00"
| #define PACKAGE_BUGREPORT "http://bugs.gw.com/"
| #define PACKAGE_URL ""
| #define HAVE_ICONV 1
| #define ICONV_CONST 
| #define STDC_HEADERS 1
| #define HAVE_SYS_TYPES_H 1
| #define HAVE_SYS_STAT_H 1
| #define HAVE_STDLIB_H 1
| #define HAVE_STRING_H 1
| #define HAVE_MEMORY_H 1
| #define HAVE_STRINGS_H 1
| #define HAVE_INTTYPES_H 1
| #define HAVE_STDINT_H 1
| #define HAVE_UNISTD_H 1
| #define HAVE_INTTYPES_H 1
| #define HAVE_PATHS_H 1
| #define HAVE_STDINT_H 1
| #define HAVE_UTMPX_H 1
| #define HAVE_WCHAR_H 1
| #define SIZEOF_WCHAR_T 4
| #define HAVE_WCTYPE_H 1
| #define HAVE_DIRENT_H 1
| #define STDC_HEADERS 1
| #define HAVE_LONG_LONG 1
| #define GETGROUPS_T gid_t
| /* end confdefs.h.  */
| #include <stdio.h>
| #ifdef HAVE_SYS_TYPES_H
| # include <sys/types.h>
| #endif
| #ifdef HAVE_SYS_STAT_H
| # include <sys/stat.h>
| #endif
| #ifdef STDC_HEADERS
| # include <stdlib.h>
| # include <stddef.h>
| #else
| # ifdef HAVE_STDLIB_H
| #  include <stdlib.h>
| # endif
| #endif
| #ifdef HAVE_STRING_H
| # if !defined STDC_HEADERS && defined HAVE_MEMORY_H
| #  include <memory.h>
| # endif
| # include <string.h>
| #endif
| #ifdef HAVE_STRINGS_H
| # include <strings.h>
| #endif
| #ifdef HAVE_INTTYPES_H
| # include <inttypes.h>
| #endif
| #ifdef HAVE_STDINT_H
| # include <stdint.h>
| #endif
| #ifdef HAVE_UNISTD_H
| # include <unistd.h>
| #endif
| int
| main ()
| {
| if (sizeof ((mode_t)))
| 	    return 0;
|   ;
|   return 0;
| }
configure:6123: result: yes
configure:6134: checking for size_t
configure:6134: clang -c -g -O2 --sysroot=/usr/SDK -I/usr/local/include -I/usr/include -L/usr/local/lib -L/usr/lib conftest.c >&5
clang-5.0: warning: argument unused during compilation: '-L/usr/local/lib' [-Wunused-command-line-argument]
clang-5.0: warning: argument unused during compilation: '-L/usr/lib' [-Wunused-command-line-argument]
configure:6134: $? = 0
configure:6134: clang -c -g -O2 --sysroot=/usr/SDK -I/usr/local/include -I/usr/include -L/usr/local/lib -L/usr/lib conftest.c >&5
clang-5.0: warning: argument unused during compilation: '-L/usr/local/lib' [-Wunused-command-line-argument]
clang-5.0: warning: argument unused during compilation: '-L/usr/lib' [-Wunused-command-line-argument]
conftest.c:68:21: error: expected expression
if (sizeof ((size_t)))
                    ^
1 error generated.
configure:6134: $? = 1
configure: failed program was:
| /* confdefs.h */
| #define PACKAGE_NAME "tcsh"
| #define PACKAGE_TARNAME "tcsh"
| #define PACKAGE_VERSION "6.20.00"
| #define PACKAGE_STRING "tcsh 6.20.00"
| #define PACKAGE_BUGREPORT "http://bugs.gw.com/"
| #define PACKAGE_URL ""
| #define HAVE_ICONV 1
| #define ICONV_CONST 
| #define STDC_HEADERS 1
| #define HAVE_SYS_TYPES_H 1
| #define HAVE_SYS_STAT_H 1
| #define HAVE_STDLIB_H 1
| #define HAVE_STRING_H 1
| #define HAVE_MEMORY_H 1
| #define HAVE_STRINGS_H 1
| #define HAVE_INTTYPES_H 1
| #define HAVE_STDINT_H 1
| #define HAVE_UNISTD_H 1
| #define HAVE_INTTYPES_H 1
| #define HAVE_PATHS_H 1
| #define HAVE_STDINT_H 1
| #define HAVE_UTMPX_H 1
| #define HAVE_WCHAR_H 1
| #define SIZEOF_WCHAR_T 4
| #define HAVE_WCTYPE_H 1
| #define HAVE_DIRENT_H 1
| #define STDC_HEADERS 1
| #define HAVE_LONG_LONG 1
| #define GETGROUPS_T gid_t
| /* end confdefs.h.  */
| #include <stdio.h>
| #ifdef HAVE_SYS_TYPES_H
| # include <sys/types.h>
| #endif
| #ifdef HAVE_SYS_STAT_H
| # include <sys/stat.h>
| #endif
| #ifdef STDC_HEADERS
| # include <stdlib.h>
| # include <stddef.h>
| #else
| # ifdef HAVE_STDLIB_H
| #  include <stdlib.h>
| # endif
| #endif
| #ifdef HAVE_STRING_H
| # if !defined STDC_HEADERS && defined HAVE_MEMORY_H
| #  include <memory.h>
| # endif
| # include <string.h>
| #endif
| #ifdef HAVE_STRINGS_H
| # include <strings.h>
| #endif
| #ifdef HAVE_INTTYPES_H
| # include <inttypes.h>
| #endif
| #ifdef HAVE_STDINT_H
| # include <stdint.h>
| #endif
| #ifdef HAVE_UNISTD_H
| # include <unistd.h>
| #endif
| int
| main ()
| {
| if (sizeof ((size_t)))
| 	    return 0;
|   ;
|   return 0;
| }
configure:6134: result: yes
configure:6145: checking for uid_t in sys/types.h
configure:6164: result: yes
configure:6175: checking for uint32_t
configure:6175: clang -c -g -O2 --sysroot=/usr/SDK -I/usr/local/include -I/usr/include -L/usr/local/lib -L/usr/lib conftest.c >&5
clang-5.0: warning: argument unused during compilation: '-L/usr/local/lib' [-Wunused-command-line-argument]
clang-5.0: warning: argument unused during compilation: '-L/usr/lib' [-Wunused-command-line-argument]
configure:6175: $? = 0
configure:6175: result: yes
configure:6192: checking for ssize_t
configure:6192: clang -c -g -O2 --sysroot=/usr/SDK -I/usr/local/include -I/usr/include -L/usr/local/lib -L/usr/lib conftest.c >&5
clang-5.0: warning: argument unused during compilation: '-L/usr/local/lib' [-Wunused-command-line-argument]
clang-5.0: warning: argument unused during compilation: '-L/usr/lib' [-Wunused-command-line-argument]
configure:6192: $? = 0
configure:6192: clang -c -g -O2 --sysroot=/usr/SDK -I/usr/local/include -I/usr/include -L/usr/local/lib -L/usr/lib conftest.c >&5
clang-5.0: warning: argument unused during compilation: '-L/usr/local/lib' [-Wunused-command-line-argument]
clang-5.0: warning: argument unused during compilation: '-L/usr/lib' [-Wunused-command-line-argument]
conftest.c:39:22: error: expected expression
if (sizeof ((ssize_t)))
                     ^
1 error generated.
configure:6192: $? = 1
configure: failed program was:
| /* confdefs.h */
| #define PACKAGE_NAME "tcsh"
| #define PACKAGE_TARNAME "tcsh"
| #define PACKAGE_VERSION "6.20.00"
| #define PACKAGE_STRING "tcsh 6.20.00"
| #define PACKAGE_BUGREPORT "http://bugs.gw.com/"
| #define PACKAGE_URL ""
| #define HAVE_ICONV 1
| #define ICONV_CONST 
| #define STDC_HEADERS 1
| #define HAVE_SYS_TYPES_H 1
| #define HAVE_SYS_STAT_H 1
| #define HAVE_STDLIB_H 1
| #define HAVE_STRING_H 1
| #define HAVE_MEMORY_H 1
| #define HAVE_STRINGS_H 1
| #define HAVE_INTTYPES_H 1
| #define HAVE_STDINT_H 1
| #define HAVE_UNISTD_H 1
| #define HAVE_INTTYPES_H 1
| #define HAVE_PATHS_H 1
| #define HAVE_STDINT_H 1
| #define HAVE_UTMPX_H 1
| #define HAVE_WCHAR_H 1
| #define SIZEOF_WCHAR_T 4
| #define HAVE_WCTYPE_H 1
| #define HAVE_DIRENT_H 1
| #define STDC_HEADERS 1
| #define HAVE_LONG_LONG 1
| #define GETGROUPS_T gid_t
| /* end confdefs.h.  */
| 
| #include <sys/types.h>
| 
| 
| int
| main ()
| {
| if (sizeof ((ssize_t)))
| 	    return 0;
|   ;
|   return 0;
| }
configure:6192: result: yes
configure:6208: checking for socklen_t
configure:6208: clang -c -g -O2 --sysroot=/usr/SDK -I/usr/local/include -I/usr/include -L/usr/local/lib -L/usr/lib conftest.c >&5
clang-5.0: warning: argument unused during compilation: '-L/usr/local/lib' [-Wunused-command-line-argument]
clang-5.0: warning: argument unused during compilation: '-L/usr/lib' [-Wunused-command-line-argument]
configure:6208: $? = 0
configure:6208: clang -c -g -O2 --sysroot=/usr/SDK -I/usr/local/include -I/usr/include -L/usr/local/lib -L/usr/lib conftest.c >&5
clang-5.0: warning: argument unused during compilation: '-L/usr/local/lib' [-Wunused-command-line-argument]
clang-5.0: warning: argument unused during compilation: '-L/usr/lib' [-Wunused-command-line-argument]
conftest.c:40:24: error: expected expression
if (sizeof ((socklen_t)))
                       ^
1 error generated.
configure:6208: $? = 1
configure: failed program was:
| /* confdefs.h */
| #define PACKAGE_NAME "tcsh"
| #define PACKAGE_TARNAME "tcsh"
| #define PACKAGE_VERSION "6.20.00"
| #define PACKAGE_STRING "tcsh 6.20.00"
| #define PACKAGE_BUGREPORT "http://bugs.gw.com/"
| #define PACKAGE_URL ""
| #define HAVE_ICONV 1
| #define ICONV_CONST 
| #define STDC_HEADERS 1
| #define HAVE_SYS_TYPES_H 1
| #define HAVE_SYS_STAT_H 1
| #define HAVE_STDLIB_H 1
| #define HAVE_STRING_H 1
| #define HAVE_MEMORY_H 1
| #define HAVE_STRINGS_H 1
| #define HAVE_INTTYPES_H 1
| #define HAVE_STDINT_H 1
| #define HAVE_UNISTD_H 1
| #define HAVE_INTTYPES_H 1
| #define HAVE_PATHS_H 1
| #define HAVE_STDINT_H 1
| #define HAVE_UTMPX_H 1
| #define HAVE_WCHAR_H 1
| #define SIZEOF_WCHAR_T 4
| #define HAVE_WCTYPE_H 1
| #define HAVE_DIRENT_H 1
| #define STDC_HEADERS 1
| #define HAVE_LONG_LONG 1
| #define GETGROUPS_T gid_t
| /* end confdefs.h.  */
| 
| #include <sys/types.h>
| #include <sys/socket.h>
| 
| 
| int
| main ()
| {
| if (sizeof ((socklen_t)))
| 	    return 0;
|   ;
|   return 0;
| }
configure:6208: result: yes
configure:6224: checking for struct dirent.d_ino
configure:6224: clang -c -g -O2 --sysroot=/usr/SDK -I/usr/local/include -I/usr/include -L/usr/local/lib -L/usr/lib conftest.c >&5
clang-5.0: warning: argument unused during compilation: '-L/usr/local/lib' [-Wunused-command-line-argument]
clang-5.0: warning: argument unused during compilation: '-L/usr/lib' [-Wunused-command-line-argument]
configure:6224: $? = 0
configure:6224: result: yes
configure:6244: checking for struct utmp.ut_host
configure:6244: clang -c -g -O2 --sysroot=/usr/SDK -I/usr/local/include -I/usr/include -L/usr/local/lib -L/usr/lib conftest.c >&5
clang-5.0: warning: argument unused during compilation: '-L/usr/local/lib' [-Wunused-command-line-argument]
clang-5.0: warning: argument unused during compilation: '-L/usr/lib' [-Wunused-command-line-argument]
conftest.c:45:13: warning: address of array 'ac_aggr.ut_host' will always evaluate to 'true' [-Wpointer-bool-conversion]
if (ac_aggr.ut_host)
~~  ~~~~~~~~^~~~~~~
1 warning generated.
configure:6244: $? = 0
configure:6244: result: yes
configure:6260: checking for struct utmp.ut_user
configure:6260: clang -c -g -O2 --sysroot=/usr/SDK -I/usr/local/include -I/usr/include -L/usr/local/lib -L/usr/lib conftest.c >&5
clang-5.0: warning: argument unused during compilation: '-L/usr/local/lib' [-Wunused-command-line-argument]
clang-5.0: warning: argument unused during compilation: '-L/usr/lib' [-Wunused-command-line-argument]
conftest.c:46:13: warning: address of array 'ac_aggr.ut_user' will always evaluate to 'true' [-Wpointer-bool-conversion]
if (ac_aggr.ut_user)
~~  ~~~~~~~~^~~~~~~
1 warning generated.
configure:6260: $? = 0
configure:6260: result: yes
configure:6276: checking for struct utmp.ut_tv
configure:6276: clang -c -g -O2 --sysroot=/usr/SDK -I/usr/local/include -I/usr/include -L/usr/local/lib -L/usr/lib conftest.c >&5
clang-5.0: warning: argument unused during compilation: '-L/usr/local/lib' [-Wunused-command-line-argument]
clang-5.0: warning: argument unused during compilation: '-L/usr/lib' [-Wunused-command-line-argument]
conftest.c:47:1: error: statement requires expression of scalar type ('struct timeval' invalid)
if (ac_aggr.ut_tv)
^   ~~~~~~~~~~~~~
1 error generated.
configure:6276: $? = 1
configure: failed program was:
| /* confdefs.h */
| #define PACKAGE_NAME "tcsh"
| #define PACKAGE_TARNAME "tcsh"
| #define PACKAGE_VERSION "6.20.00"
| #define PACKAGE_STRING "tcsh 6.20.00"
| #define PACKAGE_BUGREPORT "http://bugs.gw.com/"
| #define PACKAGE_URL ""
| #define HAVE_ICONV 1
| #define ICONV_CONST 
| #define STDC_HEADERS 1
| #define HAVE_SYS_TYPES_H 1
| #define HAVE_SYS_STAT_H 1
| #define HAVE_STDLIB_H 1
| #define HAVE_STRING_H 1
| #define HAVE_MEMORY_H 1
| #define HAVE_STRINGS_H 1
| #define HAVE_INTTYPES_H 1
| #define HAVE_STDINT_H 1
| #define HAVE_UNISTD_H 1
| #define HAVE_INTTYPES_H 1
| #define HAVE_PATHS_H 1
| #define HAVE_STDINT_H 1
| #define HAVE_UTMPX_H 1
| #define HAVE_WCHAR_H 1
| #define SIZEOF_WCHAR_T 4
| #define HAVE_WCTYPE_H 1
| #define HAVE_DIRENT_H 1
| #define STDC_HEADERS 1
| #define HAVE_LONG_LONG 1
| #define GETGROUPS_T gid_t
| #define HAVE_STRUCT_DIRENT_D_INO 1
| #define HAVE_STRUCT_UTMP_UT_HOST 1
| #define HAVE_STRUCT_UTMP_UT_USER 1
| /* end confdefs.h.  */
| #include <sys/types.h>
| #ifdef HAVE_UTMPX_H
| #include <utmpx.h>
| #define utmp utmpx
| #elif defined HAVE_UTMP_H
| #include <utmp.h>
| #endif
| 
| int
| main ()
| {
| static struct utmp ac_aggr;
| if (ac_aggr.ut_tv)
| return 0;
|   ;
|   return 0;
| }
configure:6276: clang -c -g -O2 --sysroot=/usr/SDK -I/usr/local/include -I/usr/include -L/usr/local/lib -L/usr/lib conftest.c >&5
clang-5.0: warning: argument unused during compilation: '-L/usr/local/lib' [-Wunused-command-line-argument]
clang-5.0: warning: argument unused during compilation: '-L/usr/lib' [-Wunused-command-line-argument]
configure:6276: $? = 0
configure:6276: result: yes
configure:6292: checking for struct utmp.ut_xtime
configure:6292: clang -c -g -O2 --sysroot=/usr/SDK -I/usr/local/include -I/usr/include -L/usr/local/lib -L/usr/lib conftest.c >&5
clang-5.0: warning: argument unused during compilation: '-L/usr/local/lib' [-Wunused-command-line-argument]
clang-5.0: warning: argument unused during compilation: '-L/usr/lib' [-Wunused-command-line-argument]
conftest.c:48:13: error: no member named 'ut_xtime' in 'struct utmpx'
if (ac_aggr.ut_xtime)
    ~~~~~~~ ^
1 error generated.
configure:6292: $? = 1
configure: failed program was:
| /* confdefs.h */
| #define PACKAGE_NAME "tcsh"
| #define PACKAGE_TARNAME "tcsh"
| #define PACKAGE_VERSION "6.20.00"
| #define PACKAGE_STRING "tcsh 6.20.00"
| #define PACKAGE_BUGREPORT "http://bugs.gw.com/"
| #define PACKAGE_URL ""
| #define HAVE_ICONV 1
| #define ICONV_CONST 
| #define STDC_HEADERS 1
| #define HAVE_SYS_TYPES_H 1
| #define HAVE_SYS_STAT_H 1
| #define HAVE_STDLIB_H 1
| #define HAVE_STRING_H 1
| #define HAVE_MEMORY_H 1
| #define HAVE_STRINGS_H 1
| #define HAVE_INTTYPES_H 1
| #define HAVE_STDINT_H 1
| #define HAVE_UNISTD_H 1
| #define HAVE_INTTYPES_H 1
| #define HAVE_PATHS_H 1
| #define HAVE_STDINT_H 1
| #define HAVE_UTMPX_H 1
| #define HAVE_WCHAR_H 1
| #define SIZEOF_WCHAR_T 4
| #define HAVE_WCTYPE_H 1
| #define HAVE_DIRENT_H 1
| #define STDC_HEADERS 1
| #define HAVE_LONG_LONG 1
| #define GETGROUPS_T gid_t
| #define HAVE_STRUCT_DIRENT_D_INO 1
| #define HAVE_STRUCT_UTMP_UT_HOST 1
| #define HAVE_STRUCT_UTMP_UT_USER 1
| #define HAVE_STRUCT_UTMP_UT_TV 1
| /* end confdefs.h.  */
| #include <sys/types.h>
| #ifdef HAVE_UTMPX_H
| #include <utmpx.h>
| #define utmp utmpx
| #elif defined HAVE_UTMP_H
| #include <utmp.h>
| #endif
| 
| int
| main ()
| {
| static struct utmp ac_aggr;
| if (ac_aggr.ut_xtime)
| return 0;
|   ;
|   return 0;
| }
configure:6292: clang -c -g -O2 --sysroot=/usr/SDK -I/usr/local/include -I/usr/include -L/usr/local/lib -L/usr/lib conftest.c >&5
clang-5.0: warning: argument unused during compilation: '-L/usr/local/lib' [-Wunused-command-line-argument]
clang-5.0: warning: argument unused during compilation: '-L/usr/lib' [-Wunused-command-line-argument]
conftest.c:48:20: error: no member named 'ut_xtime' in 'struct utmpx'
if (sizeof ac_aggr.ut_xtime)
           ~~~~~~~ ^
1 error generated.
configure:6292: $? = 1
configure: failed program was:
| /* confdefs.h */
| #define PACKAGE_NAME "tcsh"
| #define PACKAGE_TARNAME "tcsh"
| #define PACKAGE_VERSION "6.20.00"
| #define PACKAGE_STRING "tcsh 6.20.00"
| #define PACKAGE_BUGREPORT "http://bugs.gw.com/"
| #define PACKAGE_URL ""
| #define HAVE_ICONV 1
| #define ICONV_CONST 
| #define STDC_HEADERS 1
| #define HAVE_SYS_TYPES_H 1
| #define HAVE_SYS_STAT_H 1
| #define HAVE_STDLIB_H 1
| #define HAVE_STRING_H 1
| #define HAVE_MEMORY_H 1
| #define HAVE_STRINGS_H 1
| #define HAVE_INTTYPES_H 1
| #define HAVE_STDINT_H 1
| #define HAVE_UNISTD_H 1
| #define HAVE_INTTYPES_H 1
| #define HAVE_PATHS_H 1
| #define HAVE_STDINT_H 1
| #define HAVE_UTMPX_H 1
| #define HAVE_WCHAR_H 1
| #define SIZEOF_WCHAR_T 4
| #define HAVE_WCTYPE_H 1
| #define HAVE_DIRENT_H 1
| #define STDC_HEADERS 1
| #define HAVE_LONG_LONG 1
| #define GETGROUPS_T gid_t
| #define HAVE_STRUCT_DIRENT_D_INO 1
| #define HAVE_STRUCT_UTMP_UT_HOST 1
| #define HAVE_STRUCT_UTMP_UT_USER 1
| #define HAVE_STRUCT_UTMP_UT_TV 1
| /* end confdefs.h.  */
| #include <sys/types.h>
| #ifdef HAVE_UTMPX_H
| #include <utmpx.h>
| #define utmp utmpx
| #elif defined HAVE_UTMP_H
| #include <utmp.h>
| #endif
| 
| int
| main ()
| {
| static struct utmp ac_aggr;
| if (sizeof ac_aggr.ut_xtime)
| return 0;
|   ;
|   return 0;
| }
configure:6292: result: no
configure:6308: checking for struct utmpx.ut_host
configure:6308: clang -c -g -O2 --sysroot=/usr/SDK -I/usr/local/include -I/usr/include -L/usr/local/lib -L/usr/lib conftest.c >&5
clang-5.0: warning: argument unused during compilation: '-L/usr/local/lib' [-Wunused-command-line-argument]
clang-5.0: warning: argument unused during compilation: '-L/usr/lib' [-Wunused-command-line-argument]
conftest.c:48:13: warning: address of array 'ac_aggr.ut_host' will always evaluate to 'true' [-Wpointer-bool-conversion]
if (ac_aggr.ut_host)
~~  ~~~~~~~~^~~~~~~
1 warning generated.
configure:6308: $? = 0
configure:6308: result: yes
configure:6324: checking for struct utmpx.ut_user
configure:6324: clang -c -g -O2 --sysroot=/usr/SDK -I/usr/local/include -I/usr/include -L/usr/local/lib -L/usr/lib conftest.c >&5
clang-5.0: warning: argument unused during compilation: '-L/usr/local/lib' [-Wunused-command-line-argument]
clang-5.0: warning: argument unused during compilation: '-L/usr/lib' [-Wunused-command-line-argument]
conftest.c:49:13: warning: address of array 'ac_aggr.ut_user' will always evaluate to 'true' [-Wpointer-bool-conversion]
if (ac_aggr.ut_user)
~~  ~~~~~~~~^~~~~~~
1 warning generated.
configure:6324: $? = 0
configure:6324: result: yes
configure:6340: checking for struct utmpx.ut_tv
configure:6340: clang -c -g -O2 --sysroot=/usr/SDK -I/usr/local/include -I/usr/include -L/usr/local/lib -L/usr/lib conftest.c >&5
clang-5.0: warning: argument unused during compilation: '-L/usr/local/lib' [-Wunused-command-line-argument]
clang-5.0: warning: argument unused during compilation: '-L/usr/lib' [-Wunused-command-line-argument]
conftest.c:50:1: error: statement requires expression of scalar type ('struct timeval' invalid)
if (ac_aggr.ut_tv)
^   ~~~~~~~~~~~~~
1 error generated.
configure:6340: $? = 1
configure: failed program was:
| /* confdefs.h */
| #define PACKAGE_NAME "tcsh"
| #define PACKAGE_TARNAME "tcsh"
| #define PACKAGE_VERSION "6.20.00"
| #define PACKAGE_STRING "tcsh 6.20.00"
| #define PACKAGE_BUGREPORT "http://bugs.gw.com/"
| #define PACKAGE_URL ""
| #define HAVE_ICONV 1
| #define ICONV_CONST 
| #define STDC_HEADERS 1
| #define HAVE_SYS_TYPES_H 1
| #define HAVE_SYS_STAT_H 1
| #define HAVE_STDLIB_H 1
| #define HAVE_STRING_H 1
| #define HAVE_MEMORY_H 1
| #define HAVE_STRINGS_H 1
| #define HAVE_INTTYPES_H 1
| #define HAVE_STDINT_H 1
| #define HAVE_UNISTD_H 1
| #define HAVE_INTTYPES_H 1
| #define HAVE_PATHS_H 1
| #define HAVE_STDINT_H 1
| #define HAVE_UTMPX_H 1
| #define HAVE_WCHAR_H 1
| #define SIZEOF_WCHAR_T 4
| #define HAVE_WCTYPE_H 1
| #define HAVE_DIRENT_H 1
| #define STDC_HEADERS 1
| #define HAVE_LONG_LONG 1
| #define GETGROUPS_T gid_t
| #define HAVE_STRUCT_DIRENT_D_INO 1
| #define HAVE_STRUCT_UTMP_UT_HOST 1
| #define HAVE_STRUCT_UTMP_UT_USER 1
| #define HAVE_STRUCT_UTMP_UT_TV 1
| #define HAVE_STRUCT_UTMPX_UT_HOST 1
| #define HAVE_STRUCT_UTMPX_UT_USER 1
| /* end confdefs.h.  */
| #include <sys/types.h>
| #ifdef HAVE_UTMPX_H
| #include <utmpx.h>
| #define utmp utmpx
| #elif defined HAVE_UTMP_H
| #include <utmp.h>
| #endif
| 
| int
| main ()
| {
| static struct utmpx ac_aggr;
| if (ac_aggr.ut_tv)
| return 0;
|   ;
|   return 0;
| }
configure:6340: clang -c -g -O2 --sysroot=/usr/SDK -I/usr/local/include -I/usr/include -L/usr/local/lib -L/usr/lib conftest.c >&5
clang-5.0: warning: argument unused during compilation: '-L/usr/local/lib' [-Wunused-command-line-argument]
clang-5.0: warning: argument unused during compilation: '-L/usr/lib' [-Wunused-command-line-argument]
configure:6340: $? = 0
configure:6340: result: yes
configure:6356: checking for struct utmpx.ut_xtime
configure:6356: clang -c -g -O2 --sysroot=/usr/SDK -I/usr/local/include -I/usr/include -L/usr/local/lib -L/usr/lib conftest.c >&5
clang-5.0: warning: argument unused during compilation: '-L/usr/local/lib' [-Wunused-command-line-argument]
clang-5.0: warning: argument unused during compilation: '-L/usr/lib' [-Wunused-command-line-argument]
conftest.c:51:13: error: no member named 'ut_xtime' in 'struct utmpx'
if (ac_aggr.ut_xtime)
    ~~~~~~~ ^
1 error generated.
configure:6356: $? = 1
configure: failed program was:
| /* confdefs.h */
| #define PACKAGE_NAME "tcsh"
| #define PACKAGE_TARNAME "tcsh"
| #define PACKAGE_VERSION "6.20.00"
| #define PACKAGE_STRING "tcsh 6.20.00"
| #define PACKAGE_BUGREPORT "http://bugs.gw.com/"
| #define PACKAGE_URL ""
| #define HAVE_ICONV 1
| #define ICONV_CONST 
| #define STDC_HEADERS 1
| #define HAVE_SYS_TYPES_H 1
| #define HAVE_SYS_STAT_H 1
| #define HAVE_STDLIB_H 1
| #define HAVE_STRING_H 1
| #define HAVE_MEMORY_H 1
| #define HAVE_STRINGS_H 1
| #define HAVE_INTTYPES_H 1
| #define HAVE_STDINT_H 1
| #define HAVE_UNISTD_H 1
| #define HAVE_INTTYPES_H 1
| #define HAVE_PATHS_H 1
| #define HAVE_STDINT_H 1
| #define HAVE_UTMPX_H 1
| #define HAVE_WCHAR_H 1
| #define SIZEOF_WCHAR_T 4
| #define HAVE_WCTYPE_H 1
| #define HAVE_DIRENT_H 1
| #define STDC_HEADERS 1
| #define HAVE_LONG_LONG 1
| #define GETGROUPS_T gid_t
| #define HAVE_STRUCT_DIRENT_D_INO 1
| #define HAVE_STRUCT_UTMP_UT_HOST 1
| #define HAVE_STRUCT_UTMP_UT_USER 1
| #define HAVE_STRUCT_UTMP_UT_TV 1
| #define HAVE_STRUCT_UTMPX_UT_HOST 1
| #define HAVE_STRUCT_UTMPX_UT_USER 1
| #define HAVE_STRUCT_UTMPX_UT_TV 1
| /* end confdefs.h.  */
| #include <sys/types.h>
| #ifdef HAVE_UTMPX_H
| #include <utmpx.h>
| #define utmp utmpx
| #elif defined HAVE_UTMP_H
| #include <utmp.h>
| #endif
| 
| int
| main ()
| {
| static struct utmpx ac_aggr;
| if (ac_aggr.ut_xtime)
| return 0;
|   ;
|   return 0;
| }
configure:6356: clang -c -g -O2 --sysroot=/usr/SDK -I/usr/local/include -I/usr/include -L/usr/local/lib -L/usr/lib conftest.c >&5
clang-5.0: warning: argument unused during compilation: '-L/usr/local/lib' [-Wunused-command-line-argument]
clang-5.0: warning: argument unused during compilation: '-L/usr/lib' [-Wunused-command-line-argument]
conftest.c:51:20: error: no member named 'ut_xtime' in 'struct utmpx'
if (sizeof ac_aggr.ut_xtime)
           ~~~~~~~ ^
1 error generated.
configure:6356: $? = 1
configure: failed program was:
| /* confdefs.h */
| #define PACKAGE_NAME "tcsh"
| #define PACKAGE_TARNAME "tcsh"
| #define PACKAGE_VERSION "6.20.00"
| #define PACKAGE_STRING "tcsh 6.20.00"
| #define PACKAGE_BUGREPORT "http://bugs.gw.com/"
| #define PACKAGE_URL ""
| #define HAVE_ICONV 1
| #define ICONV_CONST 
| #define STDC_HEADERS 1
| #define HAVE_SYS_TYPES_H 1
| #define HAVE_SYS_STAT_H 1
| #define HAVE_STDLIB_H 1
| #define HAVE_STRING_H 1
| #define HAVE_MEMORY_H 1
| #define HAVE_STRINGS_H 1
| #define HAVE_INTTYPES_H 1
| #define HAVE_STDINT_H 1
| #define HAVE_UNISTD_H 1
| #define HAVE_INTTYPES_H 1
| #define HAVE_PATHS_H 1
| #define HAVE_STDINT_H 1
| #define HAVE_UTMPX_H 1
| #define HAVE_WCHAR_H 1
| #define SIZEOF_WCHAR_T 4
| #define HAVE_WCTYPE_H 1
| #define HAVE_DIRENT_H 1
| #define STDC_HEADERS 1
| #define HAVE_LONG_LONG 1
| #define GETGROUPS_T gid_t
| #define HAVE_STRUCT_DIRENT_D_INO 1
| #define HAVE_STRUCT_UTMP_UT_HOST 1
| #define HAVE_STRUCT_UTMP_UT_USER 1
| #define HAVE_STRUCT_UTMP_UT_TV 1
| #define HAVE_STRUCT_UTMPX_UT_HOST 1
| #define HAVE_STRUCT_UTMPX_UT_USER 1
| #define HAVE_STRUCT_UTMPX_UT_TV 1
| /* end confdefs.h.  */
| #include <sys/types.h>
| #ifdef HAVE_UTMPX_H
| #include <utmpx.h>
| #define utmp utmpx
| #elif defined HAVE_UTMP_H
| #include <utmp.h>
| #endif
| 
| int
| main ()
| {
| static struct utmpx ac_aggr;
| if (sizeof ac_aggr.ut_xtime)
| return 0;
|   ;
|   return 0;
| }
configure:6356: result: no
configure:6373: checking for struct sockaddr_storage.ss_family
configure:6373: clang -c -g -O2 --sysroot=/usr/SDK -I/usr/local/include -I/usr/include -L/usr/local/lib -L/usr/lib conftest.c >&5
clang-5.0: warning: argument unused during compilation: '-L/usr/local/lib' [-Wunused-command-line-argument]
clang-5.0: warning: argument unused during compilation: '-L/usr/lib' [-Wunused-command-line-argument]
configure:6373: $? = 0
configure:6373: result: yes
configure:6386: checking for an ANSI C-conforming const
configure:6452: clang -c -g -O2 --sysroot=/usr/SDK -I/usr/local/include -I/usr/include -L/usr/local/lib -L/usr/lib conftest.c >&5
clang-5.0: warning: argument unused during compilation: '-L/usr/local/lib' [-Wunused-command-line-argument]
clang-5.0: warning: argument unused during compilation: '-L/usr/lib' [-Wunused-command-line-argument]
configure:6452: $? = 0
configure:6459: result: yes
configure:6467: checking for working volatile
configure:6486: clang -c -g -O2 --sysroot=/usr/SDK -I/usr/local/include -I/usr/include -L/usr/local/lib -L/usr/lib conftest.c >&5
clang-5.0: warning: argument unused during compilation: '-L/usr/local/lib' [-Wunused-command-line-argument]
clang-5.0: warning: argument unused during compilation: '-L/usr/lib' [-Wunused-command-line-argument]
configure:6486: $? = 0
configure:6493: result: yes
configure:6502: checking whether crypt is declared
configure:6502: clang -c -g -O2 --sysroot=/usr/SDK -I/usr/local/include -I/usr/include -L/usr/local/lib -L/usr/lib conftest.c >&5
clang-5.0: warning: argument unused during compilation: '-L/usr/local/lib' [-Wunused-command-line-argument]
clang-5.0: warning: argument unused during compilation: '-L/usr/lib' [-Wunused-command-line-argument]
configure:6502: $? = 0
configure:6502: result: yes
configure:6518: checking whether environ is declared
configure:6518: clang -c -g -O2 --sysroot=/usr/SDK -I/usr/local/include -I/usr/include -L/usr/local/lib -L/usr/lib conftest.c >&5
clang-5.0: warning: argument unused during compilation: '-L/usr/local/lib' [-Wunused-command-line-argument]
clang-5.0: warning: argument unused during compilation: '-L/usr/lib' [-Wunused-command-line-argument]
conftest.c:87:10: error: use of undeclared identifier 'environ'; did you mean 'union'?
  (void) environ;
         ^~~~~~~
         union
conftest.c:87:10: error: expected expression
2 errors generated.
configure:6518: $? = 1
configure: failed program was:
| /* confdefs.h */
| #define PACKAGE_NAME "tcsh"
| #define PACKAGE_TARNAME "tcsh"
| #define PACKAGE_VERSION "6.20.00"
| #define PACKAGE_STRING "tcsh 6.20.00"
| #define PACKAGE_BUGREPORT "http://bugs.gw.com/"
| #define PACKAGE_URL ""
| #define HAVE_ICONV 1
| #define ICONV_CONST 
| #define STDC_HEADERS 1
| #define HAVE_SYS_TYPES_H 1
| #define HAVE_SYS_STAT_H 1
| #define HAVE_STDLIB_H 1
| #define HAVE_STRING_H 1
| #define HAVE_MEMORY_H 1
| #define HAVE_STRINGS_H 1
| #define HAVE_INTTYPES_H 1
| #define HAVE_STDINT_H 1
| #define HAVE_UNISTD_H 1
| #define HAVE_INTTYPES_H 1
| #define HAVE_PATHS_H 1
| #define HAVE_STDINT_H 1
| #define HAVE_UTMPX_H 1
| #define HAVE_WCHAR_H 1
| #define SIZEOF_WCHAR_T 4
| #define HAVE_WCTYPE_H 1
| #define HAVE_DIRENT_H 1
| #define STDC_HEADERS 1
| #define HAVE_LONG_LONG 1
| #define GETGROUPS_T gid_t
| #define HAVE_STRUCT_DIRENT_D_INO 1
| #define HAVE_STRUCT_UTMP_UT_HOST 1
| #define HAVE_STRUCT_UTMP_UT_USER 1
| #define HAVE_STRUCT_UTMP_UT_TV 1
| #define HAVE_STRUCT_UTMPX_UT_HOST 1
| #define HAVE_STRUCT_UTMPX_UT_USER 1
| #define HAVE_STRUCT_UTMPX_UT_TV 1
| #define HAVE_STRUCT_SOCKADDR_STORAGE_SS_FAMILY 1
| #define HAVE_DECL_CRYPT 1
| /* end confdefs.h.  */
| #include "config_p.h"
| #include <stdio.h>
| #ifdef HAVE_SYS_TYPES_H
| # include <sys/types.h>
| #endif
| #ifdef HAVE_SYS_STAT_H
| # include <sys/stat.h>
| #endif
| #ifdef STDC_HEADERS
| # include <stdlib.h>
| # include <stddef.h>
| #else
| # ifdef HAVE_STDLIB_H
| #  include <stdlib.h>
| # endif
| #endif
| #ifdef HAVE_STRING_H
| # if !defined STDC_HEADERS && defined HAVE_MEMORY_H
| #  include <memory.h>
| # endif
| # include <string.h>
| #endif
| #ifdef HAVE_STRINGS_H
| # include <strings.h>
| #endif
| #ifdef HAVE_INTTYPES_H
| # include <inttypes.h>
| #endif
| #ifdef HAVE_STDINT_H
| # include <stdint.h>
| #endif
| #ifdef HAVE_UNISTD_H
| # include <unistd.h>
| #endif
| #ifdef HAVE_CRYPT_H
| #include <crypt.h>
| #endif
| 
| 
| int
| main ()
| {
| #ifndef environ
| #ifdef __cplusplus
|   (void) environ;
| #else
|   (void) environ;
| #endif
| #endif
| 
|   ;
|   return 0;
| }
configure:6518: result: no
configure:6534: checking whether gethostname is declared
configure:6534: clang -c -g -O2 --sysroot=/usr/SDK -I/usr/local/include -I/usr/include -L/usr/local/lib -L/usr/lib conftest.c >&5
clang-5.0: warning: argument unused during compilation: '-L/usr/local/lib' [-Wunused-command-line-argument]
clang-5.0: warning: argument unused during compilation: '-L/usr/lib' [-Wunused-command-line-argument]
configure:6534: $? = 0
configure:6534: result: yes
configure:6550: checking whether getpgrp is declared
configure:6550: clang -c -g -O2 --sysroot=/usr/SDK -I/usr/local/include -I/usr/include -L/usr/local/lib -L/usr/lib conftest.c >&5
clang-5.0: warning: argument unused during compilation: '-L/usr/local/lib' [-Wunused-command-line-argument]
clang-5.0: warning: argument unused during compilation: '-L/usr/lib' [-Wunused-command-line-argument]
configure:6550: $? = 0
configure:6550: result: yes
configure:6567: checking for setlocale
configure:6567: clang -o conftest -g -O2 --sysroot=/usr/SDK -I/usr/local/include -I/usr/include -L/usr/local/lib -L/usr/lib --sysroot=/usr/SDK -I/usr/local/include -I/usr/include -L/usr/local/lib -L/usr/lib conftest.c -lcurses  >&5
configure:6567: $? = 0
configure:6567: result: yes
configure:6574: checking for catgets
configure:6574: clang -o conftest -g -O2 --sysroot=/usr/SDK -I/usr/local/include -I/usr/include -L/usr/local/lib -L/usr/lib --sysroot=/usr/SDK -I/usr/local/include -I/usr/include -L/usr/local/lib -L/usr/lib conftest.c -lcurses  >&5
configure:6574: $? = 0
configure:6574: result: yes
configure:6584: checking for dup2
configure:6584: clang -o conftest -g -O2 --sysroot=/usr/SDK -I/usr/local/include -I/usr/include -L/usr/local/lib -L/usr/lib --sysroot=/usr/SDK -I/usr/local/include -I/usr/include -L/usr/local/lib -L/usr/lib conftest.c -lcurses  >&5
configure:6584: $? = 0
configure:6584: result: yes
configure:6584: checking for getauthid
configure:6584: clang -o conftest -g -O2 --sysroot=/usr/SDK -I/usr/local/include -I/usr/include -L/usr/local/lib -L/usr/lib --sysroot=/usr/SDK -I/usr/local/include -I/usr/include -L/usr/local/lib -L/usr/lib conftest.c -lcurses  >&5
Undefined symbols for architecture arm64:
  "_getauthid", referenced from:
      _main in conftest-4cd01b.o
ld: symbol(s) not found for architecture arm64
Not signing file
clang-5.0: error: linker command failed with exit code 1 (use -v to see invocation)
configure:6584: $? = 1
configure: failed program was:
| /* confdefs.h */
| #define PACKAGE_NAME "tcsh"
| #define PACKAGE_TARNAME "tcsh"
| #define PACKAGE_VERSION "6.20.00"
| #define PACKAGE_STRING "tcsh 6.20.00"
| #define PACKAGE_BUGREPORT "http://bugs.gw.com/"
| #define PACKAGE_URL ""
| #define HAVE_ICONV 1
| #define ICONV_CONST 
| #define STDC_HEADERS 1
| #define HAVE_SYS_TYPES_H 1
| #define HAVE_SYS_STAT_H 1
| #define HAVE_STDLIB_H 1
| #define HAVE_STRING_H 1
| #define HAVE_MEMORY_H 1
| #define HAVE_STRINGS_H 1
| #define HAVE_INTTYPES_H 1
| #define HAVE_STDINT_H 1
| #define HAVE_UNISTD_H 1
| #define HAVE_INTTYPES_H 1
| #define HAVE_PATHS_H 1
| #define HAVE_STDINT_H 1
| #define HAVE_UTMPX_H 1
| #define HAVE_WCHAR_H 1
| #define SIZEOF_WCHAR_T 4
| #define HAVE_WCTYPE_H 1
| #define HAVE_DIRENT_H 1
| #define STDC_HEADERS 1
| #define HAVE_LONG_LONG 1
| #define GETGROUPS_T gid_t
| #define HAVE_STRUCT_DIRENT_D_INO 1
| #define HAVE_STRUCT_UTMP_UT_HOST 1
| #define HAVE_STRUCT_UTMP_UT_USER 1
| #define HAVE_STRUCT_UTMP_UT_TV 1
| #define HAVE_STRUCT_UTMPX_UT_HOST 1
| #define HAVE_STRUCT_UTMPX_UT_USER 1
| #define HAVE_STRUCT_UTMPX_UT_TV 1
| #define HAVE_STRUCT_SOCKADDR_STORAGE_SS_FAMILY 1
| #define HAVE_DECL_CRYPT 1
| #define HAVE_DECL_ENVIRON 0
| #define HAVE_DECL_GETHOSTNAME 1
| #define HAVE_DECL_GETPGRP 1
| #define HAVE_DUP2 1
| /* end confdefs.h.  */
| /* Define getauthid to an innocuous variant, in case <limits.h> declares getauthid.
|    For example, HP-UX 11i <limits.h> declares gettimeofday.  */
| #define getauthid innocuous_getauthid
| 
| /* System header to define __stub macros and hopefully few prototypes,
|     which can conflict with char getauthid (); below.
|     Prefer <limits.h> to <assert.h> if __STDC__ is defined, since
|     <limits.h> exists even on freestanding compilers.  */
| 
| #ifdef __STDC__
| # include <limits.h>
| #else
| # include <assert.h>
| #endif
| 
| #undef getauthid
| 
| /* Override any GCC internal prototype to avoid an error.
|    Use char because int might match the return type of a GCC
|    builtin and then its argument prototype would still apply.  */
| #ifdef __cplusplus
| extern "C"
| #endif
| char getauthid ();
| /* The GNU C library defines this for functions which it implements
|     to always fail with ENOSYS.  Some functions are actually named
|     something starting with __ and the normal name is an alias.  */
| #if defined __stub_getauthid || defined __stub___getauthid
| choke me
| #endif
| 
| int
| main ()
| {
| return getauthid ();
|   ;
|   return 0;
| }
configure:6584: result: no
configure:6584: checking for getcwd
configure:6584: clang -o conftest -g -O2 --sysroot=/usr/SDK -I/usr/local/include -I/usr/include -L/usr/local/lib -L/usr/lib --sysroot=/usr/SDK -I/usr/local/include -I/usr/include -L/usr/local/lib -L/usr/lib conftest.c -lcurses  >&5
configure:6584: $? = 0
configure:6584: result: yes
configure:6584: checking for gethostname
configure:6584: clang -o conftest -g -O2 --sysroot=/usr/SDK -I/usr/local/include -I/usr/include -L/usr/local/lib -L/usr/lib --sysroot=/usr/SDK -I/usr/local/include -I/usr/include -L/usr/local/lib -L/usr/lib conftest.c -lcurses  >&5
configure:6584: $? = 0
configure:6584: result: yes
configure:6584: checking for getpwent
configure:6584: clang -o conftest -g -O2 --sysroot=/usr/SDK -I/usr/local/include -I/usr/include -L/usr/local/lib -L/usr/lib --sysroot=/usr/SDK -I/usr/local/include -I/usr/include -L/usr/local/lib -L/usr/lib conftest.c -lcurses  >&5
configure:6584: $? = 0
configure:6584: result: yes
configure:6584: checking for getutent
configure:6584: clang -o conftest -g -O2 --sysroot=/usr/SDK -I/usr/local/include -I/usr/include -L/usr/local/lib -L/usr/lib --sysroot=/usr/SDK -I/usr/local/include -I/usr/include -L/usr/local/lib -L/usr/lib conftest.c -lcurses  >&5
Undefined symbols for architecture arm64:
  "_getutent", referenced from:
      _main in conftest-70e968.o
ld: symbol(s) not found for architecture arm64
Not signing file
clang-5.0: error: linker command failed with exit code 1 (use -v to see invocation)
configure:6584: $? = 1
configure: failed program was:
| /* confdefs.h */
| #define PACKAGE_NAME "tcsh"
| #define PACKAGE_TARNAME "tcsh"
| #define PACKAGE_VERSION "6.20.00"
| #define PACKAGE_STRING "tcsh 6.20.00"
| #define PACKAGE_BUGREPORT "http://bugs.gw.com/"
| #define PACKAGE_URL ""
| #define HAVE_ICONV 1
| #define ICONV_CONST 
| #define STDC_HEADERS 1
| #define HAVE_SYS_TYPES_H 1
| #define HAVE_SYS_STAT_H 1
| #define HAVE_STDLIB_H 1
| #define HAVE_STRING_H 1
| #define HAVE_MEMORY_H 1
| #define HAVE_STRINGS_H 1
| #define HAVE_INTTYPES_H 1
| #define HAVE_STDINT_H 1
| #define HAVE_UNISTD_H 1
| #define HAVE_INTTYPES_H 1
| #define HAVE_PATHS_H 1
| #define HAVE_STDINT_H 1
| #define HAVE_UTMPX_H 1
| #define HAVE_WCHAR_H 1
| #define SIZEOF_WCHAR_T 4
| #define HAVE_WCTYPE_H 1
| #define HAVE_DIRENT_H 1
| #define STDC_HEADERS 1
| #define HAVE_LONG_LONG 1
| #define GETGROUPS_T gid_t
| #define HAVE_STRUCT_DIRENT_D_INO 1
| #define HAVE_STRUCT_UTMP_UT_HOST 1
| #define HAVE_STRUCT_UTMP_UT_USER 1
| #define HAVE_STRUCT_UTMP_UT_TV 1
| #define HAVE_STRUCT_UTMPX_UT_HOST 1
| #define HAVE_STRUCT_UTMPX_UT_USER 1
| #define HAVE_STRUCT_UTMPX_UT_TV 1
| #define HAVE_STRUCT_SOCKADDR_STORAGE_SS_FAMILY 1
| #define HAVE_DECL_CRYPT 1
| #define HAVE_DECL_ENVIRON 0
| #define HAVE_DECL_GETHOSTNAME 1
| #define HAVE_DECL_GETPGRP 1
| #define HAVE_DUP2 1
| #define HAVE_GETCWD 1
| #define HAVE_GETHOSTNAME 1
| #define HAVE_GETPWENT 1
| /* end confdefs.h.  */
| /* Define getutent to an innocuous variant, in case <limits.h> declares getutent.
|    For example, HP-UX 11i <limits.h> declares gettimeofday.  */
| #define getutent innocuous_getutent
| 
| /* System header to define __stub macros and hopefully few prototypes,
|     which can conflict with char getutent (); below.
|     Prefer <limits.h> to <assert.h> if __STDC__ is defined, since
|     <limits.h> exists even on freestanding compilers.  */
| 
| #ifdef __STDC__
| # include <limits.h>
| #else
| # include <assert.h>
| #endif
| 
| #undef getutent
| 
| /* Override any GCC internal prototype to avoid an error.
|    Use char because int might match the return type of a GCC
|    builtin and then its argument prototype would still apply.  */
| #ifdef __cplusplus
| extern "C"
| #endif
| char getutent ();
| /* The GNU C library defines this for functions which it implements
|     to always fail with ENOSYS.  Some functions are actually named
|     something starting with __ and the normal name is an alias.  */
| #if defined __stub_getutent || defined __stub___getutent
| choke me
| #endif
| 
| int
| main ()
| {
| return getutent ();
|   ;
|   return 0;
| }
configure:6584: result: no
configure:6584: checking for getutxent
configure:6584: clang -o conftest -g -O2 --sysroot=/usr/SDK -I/usr/local/include -I/usr/include -L/usr/local/lib -L/usr/lib --sysroot=/usr/SDK -I/usr/local/include -I/usr/include -L/usr/local/lib -L/usr/lib conftest.c -lcurses  >&5
configure:6584: $? = 0
configure:6584: result: yes
configure:6584: checking for mallinfo
configure:6584: clang -o conftest -g -O2 --sysroot=/usr/SDK -I/usr/local/include -I/usr/include -L/usr/local/lib -L/usr/lib --sysroot=/usr/SDK -I/usr/local/include -I/usr/include -L/usr/local/lib -L/usr/lib conftest.c -lcurses  >&5
Undefined symbols for architecture arm64:
  "_mallinfo", referenced from:
      _main in conftest-07c907.o
ld: symbol(s) not found for architecture arm64
Not signing file
clang-5.0: error: linker command failed with exit code 1 (use -v to see invocation)
configure:6584: $? = 1
configure: failed program was:
| /* confdefs.h */
| #define PACKAGE_NAME "tcsh"
| #define PACKAGE_TARNAME "tcsh"
| #define PACKAGE_VERSION "6.20.00"
| #define PACKAGE_STRING "tcsh 6.20.00"
| #define PACKAGE_BUGREPORT "http://bugs.gw.com/"
| #define PACKAGE_URL ""
| #define HAVE_ICONV 1
| #define ICONV_CONST 
| #define STDC_HEADERS 1
| #define HAVE_SYS_TYPES_H 1
| #define HAVE_SYS_STAT_H 1
| #define HAVE_STDLIB_H 1
| #define HAVE_STRING_H 1
| #define HAVE_MEMORY_H 1
| #define HAVE_STRINGS_H 1
| #define HAVE_INTTYPES_H 1
| #define HAVE_STDINT_H 1
| #define HAVE_UNISTD_H 1
| #define HAVE_INTTYPES_H 1
| #define HAVE_PATHS_H 1
| #define HAVE_STDINT_H 1
| #define HAVE_UTMPX_H 1
| #define HAVE_WCHAR_H 1
| #define SIZEOF_WCHAR_T 4
| #define HAVE_WCTYPE_H 1
| #define HAVE_DIRENT_H 1
| #define STDC_HEADERS 1
| #define HAVE_LONG_LONG 1
| #define GETGROUPS_T gid_t
| #define HAVE_STRUCT_DIRENT_D_INO 1
| #define HAVE_STRUCT_UTMP_UT_HOST 1
| #define HAVE_STRUCT_UTMP_UT_USER 1
| #define HAVE_STRUCT_UTMP_UT_TV 1
| #define HAVE_STRUCT_UTMPX_UT_HOST 1
| #define HAVE_STRUCT_UTMPX_UT_USER 1
| #define HAVE_STRUCT_UTMPX_UT_TV 1
| #define HAVE_STRUCT_SOCKADDR_STORAGE_SS_FAMILY 1
| #define HAVE_DECL_CRYPT 1
| #define HAVE_DECL_ENVIRON 0
| #define HAVE_DECL_GETHOSTNAME 1
| #define HAVE_DECL_GETPGRP 1
| #define HAVE_DUP2 1
| #define HAVE_GETCWD 1
| #define HAVE_GETHOSTNAME 1
| #define HAVE_GETPWENT 1
| #define HAVE_GETUTXENT 1
| /* end confdefs.h.  */
| /* Define mallinfo to an innocuous variant, in case <limits.h> declares mallinfo.
|    For example, HP-UX 11i <limits.h> declares gettimeofday.  */
| #define mallinfo innocuous_mallinfo
| 
| /* System header to define __stub macros and hopefully few prototypes,
|     which can conflict with char mallinfo (); below.
|     Prefer <limits.h> to <assert.h> if __STDC__ is defined, since
|     <limits.h> exists even on freestanding compilers.  */
| 
| #ifdef __STDC__
| # include <limits.h>
| #else
| # include <assert.h>
| #endif
| 
| #undef mallinfo
| 
| /* Override any GCC internal prototype to avoid an error.
|    Use char because int might match the return type of a GCC
|    builtin and then its argument prototype would still apply.  */
| #ifdef __cplusplus
| extern "C"
| #endif
| char mallinfo ();
| /* The GNU C library defines this for functions which it implements
|     to always fail with ENOSYS.  Some functions are actually named
|     something starting with __ and the normal name is an alias.  */
| #if defined __stub_mallinfo || defined __stub___mallinfo
| choke me
| #endif
| 
| int
| main ()
| {
| return mallinfo ();
|   ;
|   return 0;
| }
configure:6584: result: no
configure:6584: checking for mblen
configure:6584: clang -o conftest -g -O2 --sysroot=/usr/SDK -I/usr/local/include -I/usr/include -L/usr/local/lib -L/usr/lib --sysroot=/usr/SDK -I/usr/local/include -I/usr/include -L/usr/local/lib -L/usr/lib conftest.c -lcurses  >&5
configure:6584: $? = 0
configure:6584: result: yes
configure:6584: checking for memmove
configure:6584: clang -o conftest -g -O2 --sysroot=/usr/SDK -I/usr/local/include -I/usr/include -L/usr/local/lib -L/usr/lib --sysroot=/usr/SDK -I/usr/local/include -I/usr/include -L/usr/local/lib -L/usr/lib conftest.c -lcurses  >&5
conftest.c:73:6: warning: incompatible redeclaration of library function 'memmove' [-Wincompatible-library-redeclaration]
char memmove ();
     ^
conftest.c:73:6: note: 'memmove' is a builtin with type 'void *(void *, const void *, unsigned long)'
1 warning generated.
configure:6584: $? = 0
configure:6584: result: yes
configure:6584: checking for memset
configure:6584: clang -o conftest -g -O2 --sysroot=/usr/SDK -I/usr/local/include -I/usr/include -L/usr/local/lib -L/usr/lib --sysroot=/usr/SDK -I/usr/local/include -I/usr/include -L/usr/local/lib -L/usr/lib conftest.c -lcurses  >&5
conftest.c:74:6: warning: incompatible redeclaration of library function 'memset' [-Wincompatible-library-redeclaration]
char memset ();
     ^
conftest.c:74:6: note: 'memset' is a builtin with type 'void *(void *, int, unsigned long)'
1 warning generated.
configure:6584: $? = 0
configure:6584: result: yes
configure:6584: checking for mkstemp
configure:6584: clang -o conftest -g -O2 --sysroot=/usr/SDK -I/usr/local/include -I/usr/include -L/usr/local/lib -L/usr/lib --sysroot=/usr/SDK -I/usr/local/include -I/usr/include -L/usr/local/lib -L/usr/lib conftest.c -lcurses  >&5
configure:6584: $? = 0
configure:6584: result: yes
configure:6584: checking for nice
configure:6584: clang -o conftest -g -O2 --sysroot=/usr/SDK -I/usr/local/include -I/usr/include -L/usr/local/lib -L/usr/lib --sysroot=/usr/SDK -I/usr/local/include -I/usr/include -L/usr/local/lib -L/usr/lib conftest.c -lcurses  >&5
configure:6584: $? = 0
configure:6584: result: yes
configure:6584: checking for nl_langinfo
configure:6584: clang -o conftest -g -O2 --sysroot=/usr/SDK -I/usr/local/include -I/usr/include -L/usr/local/lib -L/usr/lib --sysroot=/usr/SDK -I/usr/local/include -I/usr/include -L/usr/local/lib -L/usr/lib conftest.c -lcurses  >&5
configure:6584: $? = 0
configure:6584: result: yes
configure:6584: checking for sbrk
configure:6584: clang -o conftest -g -O2 --sysroot=/usr/SDK -I/usr/local/include -I/usr/include -L/usr/local/lib -L/usr/lib --sysroot=/usr/SDK -I/usr/local/include -I/usr/include -L/usr/local/lib -L/usr/lib conftest.c -lcurses  >&5
configure:6584: $? = 0
configure:6584: result: yes
configure:6584: checking for setpgid
configure:6584: clang -o conftest -g -O2 --sysroot=/usr/SDK -I/usr/local/include -I/usr/include -L/usr/local/lib -L/usr/lib --sysroot=/usr/SDK -I/usr/local/include -I/usr/include -L/usr/local/lib -L/usr/lib conftest.c -lcurses  >&5
configure:6584: $? = 0
configure:6584: result: yes
configure:6584: checking for setpriority
configure:6584: clang -o conftest -g -O2 --sysroot=/usr/SDK -I/usr/local/include -I/usr/include -L/usr/local/lib -L/usr/lib --sysroot=/usr/SDK -I/usr/local/include -I/usr/include -L/usr/local/lib -L/usr/lib conftest.c -lcurses  >&5
configure:6584: $? = 0
configure:6584: result: yes
configure:6584: checking for strerror
configure:6584: clang -o conftest -g -O2 --sysroot=/usr/SDK -I/usr/local/include -I/usr/include -L/usr/local/lib -L/usr/lib --sysroot=/usr/SDK -I/usr/local/include -I/usr/include -L/usr/local/lib -L/usr/lib conftest.c -lcurses  >&5
conftest.c:81:6: warning: incompatible redeclaration of library function 'strerror' [-Wincompatible-library-redeclaration]
char strerror ();
     ^
conftest.c:81:6: note: 'strerror' is a builtin with type 'char *(int)'
1 warning generated.
configure:6584: $? = 0
configure:6584: result: yes
configure:6584: checking for strstr
configure:6584: clang -o conftest -g -O2 --sysroot=/usr/SDK -I/usr/local/include -I/usr/include -L/usr/local/lib -L/usr/lib --sysroot=/usr/SDK -I/usr/local/include -I/usr/include -L/usr/local/lib -L/usr/lib conftest.c -lcurses  >&5
conftest.c:82:6: warning: incompatible redeclaration of library function 'strstr' [-Wincompatible-library-redeclaration]
char strstr ();
     ^
conftest.c:82:6: note: 'strstr' is a builtin with type 'char *(const char *, const char *)'
1 warning generated.
configure:6584: $? = 0
configure:6584: result: yes
configure:6584: checking for sysconf
configure:6584: clang -o conftest -g -O2 --sysroot=/usr/SDK -I/usr/local/include -I/usr/include -L/usr/local/lib -L/usr/lib --sysroot=/usr/SDK -I/usr/local/include -I/usr/include -L/usr/local/lib -L/usr/lib conftest.c -lcurses  >&5
configure:6584: $? = 0
configure:6584: result: yes
configure:6584: checking for wcwidth
configure:6584: clang -o conftest -g -O2 --sysroot=/usr/SDK -I/usr/local/include -I/usr/include -L/usr/local/lib -L/usr/lib --sysroot=/usr/SDK -I/usr/local/include -I/usr/include -L/usr/local/lib -L/usr/lib conftest.c -lcurses  >&5
configure:6584: $? = 0
configure:6584: result: yes
configure:6593: checking whether getpgrp requires zero arguments
configure:6610: clang -c -g -O2 --sysroot=/usr/SDK -I/usr/local/include -I/usr/include -L/usr/local/lib -L/usr/lib conftest.c >&5
clang-5.0: warning: argument unused during compilation: '-L/usr/local/lib' [-Wunused-command-line-argument]
clang-5.0: warning: argument unused during compilation: '-L/usr/lib' [-Wunused-command-line-argument]
conftest.c:98:10: error: too many arguments to function call, expected 0, have 1
getpgrp (0);
~~~~~~~  ^
/usr/SDK/usr/include/unistd.h:458:1: note: 'getpgrp' declared here
pid_t    getpgrp(void);
^
1 error generated.
configure:6610: $? = 1
configure: failed program was:
| /* confdefs.h */
| #define PACKAGE_NAME "tcsh"
| #define PACKAGE_TARNAME "tcsh"
| #define PACKAGE_VERSION "6.20.00"
| #define PACKAGE_STRING "tcsh 6.20.00"
| #define PACKAGE_BUGREPORT "http://bugs.gw.com/"
| #define PACKAGE_URL ""
| #define HAVE_ICONV 1
| #define ICONV_CONST 
| #define STDC_HEADERS 1
| #define HAVE_SYS_TYPES_H 1
| #define HAVE_SYS_STAT_H 1
| #define HAVE_STDLIB_H 1
| #define HAVE_STRING_H 1
| #define HAVE_MEMORY_H 1
| #define HAVE_STRINGS_H 1
| #define HAVE_INTTYPES_H 1
| #define HAVE_STDINT_H 1
| #define HAVE_UNISTD_H 1
| #define HAVE_INTTYPES_H 1
| #define HAVE_PATHS_H 1
| #define HAVE_STDINT_H 1
| #define HAVE_UTMPX_H 1
| #define HAVE_WCHAR_H 1
| #define SIZEOF_WCHAR_T 4
| #define HAVE_WCTYPE_H 1
| #define HAVE_DIRENT_H 1
| #define STDC_HEADERS 1
| #define HAVE_LONG_LONG 1
| #define GETGROUPS_T gid_t
| #define HAVE_STRUCT_DIRENT_D_INO 1
| #define HAVE_STRUCT_UTMP_UT_HOST 1
| #define HAVE_STRUCT_UTMP_UT_USER 1
| #define HAVE_STRUCT_UTMP_UT_TV 1
| #define HAVE_STRUCT_UTMPX_UT_HOST 1
| #define HAVE_STRUCT_UTMPX_UT_USER 1
| #define HAVE_STRUCT_UTMPX_UT_TV 1
| #define HAVE_STRUCT_SOCKADDR_STORAGE_SS_FAMILY 1
| #define HAVE_DECL_CRYPT 1
| #define HAVE_DECL_ENVIRON 0
| #define HAVE_DECL_GETHOSTNAME 1
| #define HAVE_DECL_GETPGRP 1
| #define HAVE_DUP2 1
| #define HAVE_GETCWD 1
| #define HAVE_GETHOSTNAME 1
| #define HAVE_GETPWENT 1
| #define HAVE_GETUTXENT 1
| #define HAVE_MBLEN 1
| #define HAVE_MEMMOVE 1
| #define HAVE_MEMSET 1
| #define HAVE_MKSTEMP 1
| #define HAVE_NICE 1
| #define HAVE_NL_LANGINFO 1
| #define HAVE_SBRK 1
| #define HAVE_SETPGID 1
| #define HAVE_SETPRIORITY 1
| #define HAVE_STRERROR 1
| #define HAVE_STRSTR 1
| #define HAVE_SYSCONF 1
| #define HAVE_WCWIDTH 1
| /* end confdefs.h.  */
| #include <stdio.h>
| #ifdef HAVE_SYS_TYPES_H
| # include <sys/types.h>
| #endif
| #ifdef HAVE_SYS_STAT_H
| # include <sys/stat.h>
| #endif
| #ifdef STDC_HEADERS
| # include <stdlib.h>
| # include <stddef.h>
| #else
| # ifdef HAVE_STDLIB_H
| #  include <stdlib.h>
| # endif
| #endif
| #ifdef HAVE_STRING_H
| # if !defined STDC_HEADERS && defined HAVE_MEMORY_H
| #  include <memory.h>
| # endif
| # include <string.h>
| #endif
| #ifdef HAVE_STRINGS_H
| # include <strings.h>
| #endif
| #ifdef HAVE_INTTYPES_H
| # include <inttypes.h>
| #endif
| #ifdef HAVE_STDINT_H
| # include <stdint.h>
| #endif
| #ifdef HAVE_UNISTD_H
| # include <unistd.h>
| #endif
| int
| main ()
| {
| getpgrp (0);
|   ;
|   return 0;
| }
configure:6618: result: yes
configure:6627: checking whether mbrtowc and mbstate_t are properly declared
configure:6647: clang -o conftest -g -O2 --sysroot=/usr/SDK -I/usr/local/include -I/usr/include -L/usr/local/lib -L/usr/lib --sysroot=/usr/SDK -I/usr/local/include -I/usr/include -L/usr/local/lib -L/usr/lib conftest.c -lcurses  >&5
configure:6647: $? = 0
configure:6655: result: yes
configure:6664: checking whether setpgrp takes no argument
configure:6686: clang -o conftest -g -O2 --sysroot=/usr/SDK -I/usr/local/include -I/usr/include -L/usr/local/lib -L/usr/lib --sysroot=/usr/SDK -I/usr/local/include -I/usr/include -L/usr/local/lib -L/usr/lib conftest.c -lcurses  >&5
conftest.c:103:19: error: too many arguments to function call, expected 0, have 2
  return setpgrp (1,1) != -1;
         ~~~~~~~  ^~~
/usr/SDK/usr/include/unistd.h:591:1: note: 'setpgrp' declared here
pid_t    setpgrp(void) __DARWIN_ALIAS(setpgrp);
^
1 error generated.
configure:6686: $? = 1
configure: program exited with status 1
configure: failed program was:
| /* confdefs.h */
| #define PACKAGE_NAME "tcsh"
| #define PACKAGE_TARNAME "tcsh"
| #define PACKAGE_VERSION "6.20.00"
| #define PACKAGE_STRING "tcsh 6.20.00"
| #define PACKAGE_BUGREPORT "http://bugs.gw.com/"
| #define PACKAGE_URL ""
| #define HAVE_ICONV 1
| #define ICONV_CONST 
| #define STDC_HEADERS 1
| #define HAVE_SYS_TYPES_H 1
| #define HAVE_SYS_STAT_H 1
| #define HAVE_STDLIB_H 1
| #define HAVE_STRING_H 1
| #define HAVE_MEMORY_H 1
| #define HAVE_STRINGS_H 1
| #define HAVE_INTTYPES_H 1
| #define HAVE_STDINT_H 1
| #define HAVE_UNISTD_H 1
| #define HAVE_INTTYPES_H 1
| #define HAVE_PATHS_H 1
| #define HAVE_STDINT_H 1
| #define HAVE_UTMPX_H 1
| #define HAVE_WCHAR_H 1
| #define SIZEOF_WCHAR_T 4
| #define HAVE_WCTYPE_H 1
| #define HAVE_DIRENT_H 1
| #define STDC_HEADERS 1
| #define HAVE_LONG_LONG 1
| #define GETGROUPS_T gid_t
| #define HAVE_STRUCT_DIRENT_D_INO 1
| #define HAVE_STRUCT_UTMP_UT_HOST 1
| #define HAVE_STRUCT_UTMP_UT_USER 1
| #define HAVE_STRUCT_UTMP_UT_TV 1
| #define HAVE_STRUCT_UTMPX_UT_HOST 1
| #define HAVE_STRUCT_UTMPX_UT_USER 1
| #define HAVE_STRUCT_UTMPX_UT_TV 1
| #define HAVE_STRUCT_SOCKADDR_STORAGE_SS_FAMILY 1
| #define HAVE_DECL_CRYPT 1
| #define HAVE_DECL_ENVIRON 0
| #define HAVE_DECL_GETHOSTNAME 1
| #define HAVE_DECL_GETPGRP 1
| #define HAVE_DUP2 1
| #define HAVE_GETCWD 1
| #define HAVE_GETHOSTNAME 1
| #define HAVE_GETPWENT 1
| #define HAVE_GETUTXENT 1
| #define HAVE_MBLEN 1
| #define HAVE_MEMMOVE 1
| #define HAVE_MEMSET 1
| #define HAVE_MKSTEMP 1
| #define HAVE_NICE 1
| #define HAVE_NL_LANGINFO 1
| #define HAVE_SBRK 1
| #define HAVE_SETPGID 1
| #define HAVE_SETPRIORITY 1
| #define HAVE_STRERROR 1
| #define HAVE_STRSTR 1
| #define HAVE_SYSCONF 1
| #define HAVE_WCWIDTH 1
| #define GETPGRP_VOID 1
| #define HAVE_MBRTOWC 1
| /* end confdefs.h.  */
| #include <stdio.h>
| #ifdef HAVE_SYS_TYPES_H
| # include <sys/types.h>
| #endif
| #ifdef HAVE_SYS_STAT_H
| # include <sys/stat.h>
| #endif
| #ifdef STDC_HEADERS
| # include <stdlib.h>
| # include <stddef.h>
| #else
| # ifdef HAVE_STDLIB_H
| #  include <stdlib.h>
| # endif
| #endif
| #ifdef HAVE_STRING_H
| # if !defined STDC_HEADERS && defined HAVE_MEMORY_H
| #  include <memory.h>
| # endif
| # include <string.h>
| #endif
| #ifdef HAVE_STRINGS_H
| # include <strings.h>
| #endif
| #ifdef HAVE_INTTYPES_H
| # include <inttypes.h>
| #endif
| #ifdef HAVE_STDINT_H
| # include <stdint.h>
| #endif
| #ifdef HAVE_UNISTD_H
| # include <unistd.h>
| #endif
| int
| main ()
| {
| /* If this system has a BSD-style setpgrp which takes arguments,
|   setpgrp(1, 1) will fail with ESRCH and return -1, in that case
|   exit successfully. */
|   return setpgrp (1,1) != -1;
|   ;
|   return 0;
| }
configure:6696: result: yes
configure:6707: checking for working strcoll
configure:6728: clang -o conftest -g -O2 --sysroot=/usr/SDK -I/usr/local/include -I/usr/include -L/usr/local/lib -L/usr/lib --sysroot=/usr/SDK -I/usr/local/include -I/usr/include -L/usr/local/lib -L/usr/lib conftest.c -lcurses  >&5
configure:6728: $? = 0
configure:6728: ./conftest
configure:6728: $? = 0
configure:6738: result: yes
configure:6963: creating ./config.status

## ---------------------- ##
## Running config.status. ##
## ---------------------- ##

This file was extended by tcsh config.status 6.20.00, which was
generated by GNU Autoconf 2.69.  Invocation command line was

  CONFIG_FILES    = 
  CONFIG_HEADERS  = 
  CONFIG_LINKS    = 
  CONFIG_COMMANDS = 
  $ ./config.status 

on XXXXXXXXXXX

config.status:877: creating Makefile
config.status:877: creating nls/Makefile
config.status:877: creating config.h
config.status:1066: executing ./atconfig commands

## ---------------- ##
## Cache variables. ##
## ---------------- ##

ac_cv_build=aarch64-apple-darwin18.2
ac_cv_c_compiler_gnu=yes
ac_cv_c_const=yes
ac_cv_c_uint32_t=yes
ac_cv_c_volatile=yes
ac_cv_env_CC_set=set
ac_cv_env_CC_value=clang
ac_cv_env_CFLAGS_set=
ac_cv_env_CFLAGS_value=
ac_cv_env_CPPFLAGS_set=set
ac_cv_env_CPPFLAGS_value='--sysroot=/usr/SDK -I/usr/local/include -I/usr/include -L/usr/local/lib -L/usr/lib'
ac_cv_env_CPP_set=
ac_cv_env_CPP_value=
ac_cv_env_LDFLAGS_set=set
ac_cv_env_LDFLAGS_value='--sysroot=/usr/SDK -I/usr/local/include -I/usr/include -L/usr/local/lib -L/usr/lib'
ac_cv_env_LIBS_set=
ac_cv_env_LIBS_value=
ac_cv_env_build_alias_set=set
ac_cv_env_build_alias_value=aarch64-apple-darwin18.2
ac_cv_env_host_alias_set=
ac_cv_env_host_alias_value=
ac_cv_env_target_alias_set=
ac_cv_env_target_alias_value=
ac_cv_func_catgets=yes
ac_cv_func_dup2=yes
ac_cv_func_getauthid=no
ac_cv_func_getcwd=yes
ac_cv_func_gethostname=yes
ac_cv_func_getpgrp_void=yes
ac_cv_func_getpwent=yes
ac_cv_func_getutent=no
ac_cv_func_getutxent=yes
ac_cv_func_mallinfo=no
ac_cv_func_mblen=yes
ac_cv_func_mbrtowc=yes
ac_cv_func_memmove=yes
ac_cv_func_memset=yes
ac_cv_func_mkstemp=yes
ac_cv_func_nice=yes
ac_cv_func_nl_langinfo=yes
ac_cv_func_sbrk=yes
ac_cv_func_setlocale=yes
ac_cv_func_setpgid=yes
ac_cv_func_setpgrp_void=yes
ac_cv_func_setpriority=yes
ac_cv_func_strcoll_works=yes
ac_cv_func_strerror=yes
ac_cv_func_strstr=yes
ac_cv_func_sysconf=yes
ac_cv_func_wcwidth=yes
ac_cv_have_decl_crypt=yes
ac_cv_have_decl_environ=no
ac_cv_have_decl_gethostname=yes
ac_cv_have_decl_getpgrp=yes
ac_cv_header_auth_h=no
ac_cv_header_crypt_h=no
ac_cv_header_dirent_dirent_h=yes
ac_cv_header_features_h=no
ac_cv_header_inttypes_h=yes
ac_cv_header_memory_h=yes
ac_cv_header_paths_h=yes
ac_cv_header_shadow_h=no
ac_cv_header_stat_broken=no
ac_cv_header_stdc=yes
ac_cv_header_stdint_h=yes
ac_cv_header_stdlib_h=yes
ac_cv_header_string_h=yes
ac_cv_header_strings_h=yes
ac_cv_header_sys_stat_h=yes
ac_cv_header_sys_types_h=yes
ac_cv_header_unistd_h=yes
ac_cv_header_utmp_h=no
ac_cv_header_utmpx_h=yes
ac_cv_header_wchar_h=yes
ac_cv_header_wctype_h=yes
ac_cv_host=aarch64-apple-darwin18.2
ac_cv_host_system_type=aarch64-apple-darwin18.2
ac_cv_member_struct_dirent_d_ino=yes
ac_cv_member_struct_sockaddr_storage_ss_family=yes
ac_cv_member_struct_utmp_ut_host=yes
ac_cv_member_struct_utmp_ut_tv=yes
ac_cv_member_struct_utmp_ut_user=yes
ac_cv_member_struct_utmp_ut_xtime=no
ac_cv_member_struct_utmpx_ut_host=yes
ac_cv_member_struct_utmpx_ut_tv=yes
ac_cv_member_struct_utmpx_ut_user=yes
ac_cv_member_struct_utmpx_ut_xtime=no
ac_cv_objext=o
ac_cv_path_EGREP='/bin/grep -E'
ac_cv_path_GREP=/bin/grep
ac_cv_path_install='/usr/bin/install -c'
ac_cv_prog_CPP='clang -E'
ac_cv_prog_ac_ct_CC=clang
ac_cv_prog_cc_c89=
ac_cv_prog_cc_g=yes
ac_cv_prog_gcc_traditional=no
ac_cv_search_catgets='none required'
ac_cv_search_connect='none required'
ac_cv_search_crypt='none required'
ac_cv_search_gethostbyname='none required'
ac_cv_search_getspnam=no
ac_cv_search_opendir='none required'
ac_cv_search_tgetent=-lcurses
ac_cv_sizeof_wchar_t=4
ac_cv_type_getgroups=gid_t
ac_cv_type_long_long=yes
ac_cv_type_mode_t=yes
ac_cv_type_size_t=yes
ac_cv_type_socklen_t=yes
ac_cv_type_ssize_t=yes
ac_cv_type_uid_t=yes
acl_cv_hardcode_direct=no
acl_cv_hardcode_libdir_flag_spec=
acl_cv_hardcode_libdir_separator=
acl_cv_hardcode_minus_L=no
acl_cv_libext=a
acl_cv_path_LD=/usr/bin/ld
acl_cv_prog_gnu_ld=no
acl_cv_rpath=done
acl_cv_shlibext=dylib
acl_cv_wl=-Wl,
am_cv_func_iconv=yes
am_cv_func_iconv_works=yes
am_cv_lib_iconv=yes
am_cv_proto_iconv='extern size_t iconv (iconv_t cd, char * *inbuf, size_t *inbytesleft, char * *outbuf, size_t *outbytesleft);'
am_cv_proto_iconv_arg1=

## ----------------- ##
## Output variables. ##
## ----------------- ##

BUILD_CATALOGS=''
CC='clang'
CC_FOR_GETHOST='$(CC)'
CFLAGS='-g -O2'
CPP='clang -E'
CPPFLAGS='--sysroot=/usr/SDK -I/usr/local/include -I/usr/include -L/usr/local/lib -L/usr/lib'
DEFS='-DHAVE_CONFIG_H'
DFLAGS=''
ECHO_C=''
ECHO_N='-n'
ECHO_T=''
EGREP='/bin/grep -E'
EXEEXT=''
GENCAT=''
GREP='/bin/grep'
HESDEF=''
HESLIB=''
INSTALL_DATA='${INSTALL} -m 644'
INSTALL_PROGRAM='${INSTALL}'
INSTALL_SCRIPT='${INSTALL}'
LDFLAGS='--sysroot=/usr/SDK -I/usr/local/include -I/usr/include -L/usr/local/lib -L/usr/lib'
LIBICONV='-liconv'
LIBOBJS=''
LIBS='-lcurses '
LTLIBICONV='-liconv'
LTLIBOBJS=''
OBJEXT='o'
PACKAGE_BUGREPORT='http://bugs.gw.com/'
PACKAGE_NAME='tcsh'
PACKAGE_STRING='tcsh 6.20.00'
PACKAGE_TARNAME='tcsh'
PACKAGE_URL=''
PACKAGE_VERSION='6.20.00'
PATH_SEPARATOR=':'
SHELL='/bin/sh'
ac_ct_CC='clang'
bindir='${exec_prefix}/bin'
build='aarch64-apple-darwin18.2'
build_alias='aarch64-apple-darwin18.2'
build_cpu='aarch64'
build_os='darwin18.2'
build_vendor='apple'
datadir='${datarootdir}'
datarootdir='${prefix}/share'
docdir='${datarootdir}/doc/${PACKAGE_TARNAME}'
dvidir='${docdir}'
exec_prefix='${prefix}'
host='aarch64-apple-darwin18.2'
host_alias=''
host_cpu='aarch64'
host_os='darwin18.2'
host_vendor='apple'
htmldir='${docdir}'
includedir='${prefix}/include'
infodir='${datarootdir}/info'
libdir='${exec_prefix}/lib'
libexecdir='${exec_prefix}/libexec'
localedir='${datarootdir}/locale'
localstatedir='${prefix}/var'
mandir='${datarootdir}/man'
oldincludedir='/usr/include'
pdfdir='${docdir}'
prefix='/usr/local'
program_transform_name='s,x,x,'
psdir='${docdir}'
sbindir='${exec_prefix}/sbin'
sharedstatedir='${prefix}/com'
sysconfdir='${prefix}/etc'
target_alias=''

## ----------- ##
## confdefs.h. ##
## ----------- ##

/* confdefs.h */
#define PACKAGE_NAME "tcsh"
#define PACKAGE_TARNAME "tcsh"
#define PACKAGE_VERSION "6.20.00"
#define PACKAGE_STRING "tcsh 6.20.00"
#define PACKAGE_BUGREPORT "http://bugs.gw.com/"
#define PACKAGE_URL ""
#define HAVE_ICONV 1
#define ICONV_CONST 
#define STDC_HEADERS 1
#define HAVE_SYS_TYPES_H 1
#define HAVE_SYS_STAT_H 1
#define HAVE_STDLIB_H 1
#define HAVE_STRING_H 1
#define HAVE_MEMORY_H 1
#define HAVE_STRINGS_H 1
#define HAVE_INTTYPES_H 1
#define HAVE_STDINT_H 1
#define HAVE_UNISTD_H 1
#define HAVE_INTTYPES_H 1
#define HAVE_PATHS_H 1
#define HAVE_STDINT_H 1
#define HAVE_UTMPX_H 1
#define HAVE_WCHAR_H 1
#define SIZEOF_WCHAR_T 4
#define HAVE_WCTYPE_H 1
#define HAVE_DIRENT_H 1
#define STDC_HEADERS 1
#define HAVE_LONG_LONG 1
#define GETGROUPS_T gid_t
#define HAVE_STRUCT_DIRENT_D_INO 1
#define HAVE_STRUCT_UTMP_UT_HOST 1
#define HAVE_STRUCT_UTMP_UT_USER 1
#define HAVE_STRUCT_UTMP_UT_TV 1
#define HAVE_STRUCT_UTMPX_UT_HOST 1
#define HAVE_STRUCT_UTMPX_UT_USER 1
#define HAVE_STRUCT_UTMPX_UT_TV 1
#define HAVE_STRUCT_SOCKADDR_STORAGE_SS_FAMILY 1
#define HAVE_DECL_CRYPT 1
#define HAVE_DECL_ENVIRON 0
#define HAVE_DECL_GETHOSTNAME 1
#define HAVE_DECL_GETPGRP 1
#define HAVE_DUP2 1
#define HAVE_GETCWD 1
#define HAVE_GETHOSTNAME 1
#define HAVE_GETPWENT 1
#define HAVE_GETUTXENT 1
#define HAVE_MBLEN 1
#define HAVE_MEMMOVE 1
#define HAVE_MEMSET 1
#define HAVE_MKSTEMP 1
#define HAVE_NICE 1
#define HAVE_NL_LANGINFO 1
#define HAVE_SBRK 1
#define HAVE_SETPGID 1
#define HAVE_SETPRIORITY 1
#define HAVE_STRERROR 1
#define HAVE_STRSTR 1
#define HAVE_SYSCONF 1
#define HAVE_WCWIDTH 1
#define GETPGRP_VOID 1
#define HAVE_MBRTOWC 1
#define SETPGRP_VOID 1
#define HAVE_STRCOLL 1
#define NLS 1

configure: exit 0
